#
# There is insufficient memory for the Java Runtime Environment to continue.
# Native memory allocation (malloc) failed to allocate 914736 bytes for Chunk::new
# Possible reasons:
#   The system is out of physical RAM or swap space
#   The process is running with CompressedOops enabled, and the Java Heap may be blocking the growth of the native heap
# Possible solutions:
#   Reduce memory load on the system
#   Increase physical memory or swap space
#   Check if swap backing store is full
#   Decrease Java heap size (-Xmx/-Xms)
#   Decrease number of Java threads
#   Decrease Java thread stack sizes (-Xss)
#   Set larger code cache with -XX:ReservedCodeCacheSize=
#   JVM is running with Unscaled Compressed Oops mode in which the Java heap is
#     placed in the first 4GB address space. The Java Heap base address is the
#     maximum limit for the native heap growth. Please use -XX:HeapBaseMinAddress
#     to set the Java Heap base and to place the Java Heap above 4GB virtual address.
# This output file may be truncated or incomplete.
#
#  Out of Memory Error (arena.cpp:184), pid=4136, tid=18896
#
# JRE version: Java(TM) SE Runtime Environment (19.0+36) (build 19+36-2238)
# Java VM: Java HotSpot(TM) 64-Bit Server VM (19+36-2238, mixed mode, sharing, tiered, compressed oops, compressed class ptrs, g1 gc, windows-amd64)
# No core dump will be written. Minidumps are not enabled by default on client versions of Windows
#

---------------  S U M M A R Y ------------

Command Line: -XX:MaxMetaspaceSize=512m --add-opens=java.base/java.util=ALL-UNNAMED --add-opens=java.base/java.lang=ALL-UNNAMED --add-opens=java.base/java.lang.invoke=ALL-UNNAMED --add-opens=java.prefs/java.util.prefs=ALL-UNNAMED --add-opens=java.base/java.nio.charset=ALL-UNNAMED --add-opens=java.base/java.net=ALL-UNNAMED --add-opens=java.base/java.util.concurrent.atomic=ALL-UNNAMED -Xmx2048m -Dfile.encoding=UTF-8 -Duser.country=SG -Duser.language=en -Duser.variant org.gradle.launcher.daemon.bootstrap.GradleDaemon 8.0.1

Host: 12th Gen Intel(R) Core(TM) i5-1235U, 12 cores, 7G,  Windows 11 , 64 bit Build 22621 (10.0.22621.2070)
Time: Fri Aug 25 10:59:38 2023 Bangladesh Standard Time elapsed time: 53.551157 seconds (0d 0h 0m 53s)

---------------  T H R E A D  ---------------

Current thread (0x0000029b1370dae0):  JavaThread "C2 CompilerThread0" daemon [_thread_in_native, id=18896, stack(0x000000c3b1700000,0x000000c3b1800000)]


Current CompileTask:
C2:  53551 9961       4       org.gradle.internal.service.DefaultServiceRegistry$SingletonService::get (5 bytes)

Stack: [0x000000c3b1700000,0x000000c3b1800000]
Native frames: (J=compiled Java code, j=interpreted, Vv=VM code, C=native code)
V  [jvm.dll+0x6ee8fa]
V  [jvm.dll+0x857a1e]
V  [jvm.dll+0x85940e]
V  [jvm.dll+0x859ac3]
V  [jvm.dll+0x28291f]
V  [jvm.dll+0xc9b5f]
V  [jvm.dll+0xc9ee5]
V  [jvm.dll+0x3bcb72]
V  [jvm.dll+0x386201]
V  [jvm.dll+0x38567a]
V  [jvm.dll+0x24c2c9]
V  [jvm.dll+0x24b671]
V  [jvm.dll+0x1d6d61]
V  [jvm.dll+0x25b0fa]
V  [jvm.dll+0x259588]
V  [jvm.dll+0x807928]
V  [jvm.dll+0x8015fa]
V  [jvm.dll+0x6ed5eb]
C  [ucrtbase.dll+0x29363]
C  [KERNEL32.DLL+0x126ad]
C  [ntdll.dll+0x5aa68]


---------------  P R O C E S S  ---------------

Threads class SMR info:
_java_thread_list=0x0000029b1bbcc640, length=185, elements={
0x0000029b729852e0, 0x0000029b13705590, 0x0000029b13706260, 0x0000029b13706f30,
0x0000029b13709a70, 0x0000029b1370c3b0, 0x0000029b1370ce80, 0x0000029b1370dae0,
0x0000029b13711280, 0x0000029b13713700, 0x0000029b17a00e80, 0x0000029b17a057e0,
0x0000029b18cc55c0, 0x0000029b193dc2f0, 0x0000029b1945f9b0, 0x0000029b1949d960,
0x0000029b194a3f10, 0x0000029b1931a440, 0x0000029b1931be80, 0x0000029b19336c30,
0x0000029b19337c20, 0x0000029b19338170, 0x0000029b193396b0, 0x0000029b19339160,
0x0000029b193386c0, 0x0000029b19338c10, 0x0000029b193376d0, 0x0000029b19336190,
0x0000029b193366e0, 0x0000029b1a5218c0, 0x0000029b1a524890, 0x0000029b1a520380,
0x0000029b1a525880, 0x0000029b1a524de0, 0x0000029b1a526320, 0x0000029b1a526870,
0x0000029b1a522360, 0x0000029b1a521370, 0x0000029b1a525330, 0x0000029b1a522e00,
0x0000029b1a525dd0, 0x0000029b1a523350, 0x0000029b1a526dc0, 0x0000029b1a527310,
0x0000029b1a51fe30, 0x0000029b1a5208d0, 0x0000029b1a520e20, 0x0000029b17adf5b0,
0x0000029b17adcb30, 0x0000029b17ad8b70, 0x0000029b17ad90c0, 0x0000029b17ade070,
0x0000029b17adc090, 0x0000029b17adb0a0, 0x0000029b17adf060, 0x0000029b17ad9610,
0x0000029b17adc5e0, 0x0000029b17ad9b60, 0x0000029b17add080, 0x0000029b17ada0b0,
0x0000029b17ada600, 0x0000029b17adab50, 0x0000029b17adb5f0, 0x0000029b17add5d0,
0x0000029b17ad7b80, 0x0000029b17adbb40, 0x0000029b17addb20, 0x0000029b17ade5c0,
0x0000029b17adeb10, 0x0000029b17ad80d0, 0x0000029b17ad8620, 0x0000029b19ecb340,
0x0000029b19ecf300, 0x0000029b19ed1d80, 0x0000029b19ecddc0, 0x0000029b19ece310,
0x0000029b19ed0d90, 0x0000029b19ece860, 0x0000029b19ed2820, 0x0000029b19ecbde0,
0x0000029b19ecc330, 0x0000029b19eccdd0, 0x0000029b19ecadf0, 0x0000029b19ecedb0,
0x0000029b19ed0840, 0x0000029b19ed1830, 0x0000029b19ecc880, 0x0000029b19ed02f0,
0x0000029b19ecd320, 0x0000029b19ecd870, 0x0000029b19ed22d0, 0x0000029b1b22d1b0,
0x0000029b1b22b1d0, 0x0000029b1b22c710, 0x0000029b1b22b720, 0x0000029b1b22d700,
0x0000029b1b22e1a0, 0x0000029b1b22dc50, 0x0000029b1b22ac80, 0x0000029b1b22bc70,
0x0000029b1b22c1c0, 0x0000029b1b22cc60, 0x0000029b1ac6b250, 0x0000029b1ac6b7a0,
0x0000029b1ac66d40, 0x0000029b1ac6dcd0, 0x0000029b1ac6d780, 0x0000029b1ac667f0,
0x0000029b1ac67290, 0x0000029b1ac6cce0, 0x0000029b1ac687d0, 0x0000029b1ac677e0,
0x0000029b1ac68d20, 0x0000029b1ac69270, 0x0000029b1ac6d230, 0x0000029b1ac69d10,
0x0000029b1ac6c790, 0x0000029b1ac6bcf0, 0x0000029b1ac6c240, 0x0000029b1ac6e220,
0x0000029b1ac6a260, 0x0000029b1ac67d30, 0x0000029b1ac68280, 0x0000029b1ac697c0,
0x0000029b1ac6a7b0, 0x0000029b1ac6ad00, 0x0000029b1bb53a30, 0x0000029b1bb52f90,
0x0000029b1bb59480, 0x0000029b1bb55f60, 0x0000029b1bb589e0, 0x0000029b1bb53f80,
0x0000029b1bb574a0, 0x0000029b1bb55a10, 0x0000029b1bb56f50, 0x0000029b1bb564b0,
0x0000029b1bb5a9c0, 0x0000029b1bb599d0, 0x0000029b1bb54f70, 0x0000029b1bb59f20,
0x0000029b1bb579f0, 0x0000029b1bb58f30, 0x0000029b1bb5a470, 0x0000029b1bb534e0,
0x0000029b1bb57f40, 0x0000029b1bb58490, 0x0000029b1bb56a00, 0x0000029b1bb544d0,
0x0000029b1bb54a20, 0x0000029b1bb554c0, 0x0000029b1bcb89f0, 0x0000029b1bcb5a20,
0x0000029b1bcba9d0, 0x0000029b1bcb7f50, 0x0000029b1bcb74b0, 0x0000029b1bcbb470,
0x0000029b1bcb44e0, 0x0000029b1bcb9f30, 0x0000029b1bcb3f90, 0x0000029b1bcb54d0,
0x0000029b1bcb5f70, 0x0000029b1bcb7a00, 0x0000029b1bcb64c0, 0x0000029b1bcb8f40,
0x0000029b1bcb3a40, 0x0000029b1bcba480, 0x0000029b1bcb6a10, 0x0000029b1bcb4a30,
0x0000029b1bcb6f60, 0x0000029b1bcb84a0, 0x0000029b1bcb4f80, 0x0000029b1bcb9490,
0x0000029b1bcb99e0, 0x0000029b1bcbaf20, 0x0000029b1b544250, 0x0000029b1b543260,
0x0000029b1b5447a0, 0x0000029b1b544cf0, 0x0000029b1b541d20, 0x0000029b1b543d00,
0x0000029b1b53dd60, 0x0000029b1b540290, 0x0000029b1b545240, 0x0000029b1b53d810,
0x0000029b1b5427c0
}

Java Threads: ( => current thread )
  0x0000029b729852e0 JavaThread "main" [_thread_blocked, id=5196, stack(0x000000c3b0a00000,0x000000c3b0b00000)]
  0x0000029b13705590 JavaThread "Reference Handler" daemon [_thread_blocked, id=25232, stack(0x000000c3b1100000,0x000000c3b1200000)]
  0x0000029b13706260 JavaThread "Finalizer" daemon [_thread_blocked, id=25852, stack(0x000000c3b1200000,0x000000c3b1300000)]
  0x0000029b13706f30 JavaThread "Signal Dispatcher" daemon [_thread_blocked, id=26200, stack(0x000000c3b1300000,0x000000c3b1400000)]
  0x0000029b13709a70 JavaThread "Attach Listener" daemon [_thread_blocked, id=27688, stack(0x000000c3b1400000,0x000000c3b1500000)]
  0x0000029b1370c3b0 JavaThread "Service Thread" daemon [_thread_blocked, id=3716, stack(0x000000c3b1500000,0x000000c3b1600000)]
  0x0000029b1370ce80 JavaThread "Monitor Deflation Thread" daemon [_thread_blocked, id=27260, stack(0x000000c3b1600000,0x000000c3b1700000)]
=>0x0000029b1370dae0 JavaThread "C2 CompilerThread0" daemon [_thread_in_native, id=18896, stack(0x000000c3b1700000,0x000000c3b1800000)]
  0x0000029b13711280 JavaThread "C1 CompilerThread0" daemon [_thread_blocked, id=26272, stack(0x000000c3b1800000,0x000000c3b1900000)]
  0x0000029b13713700 JavaThread "Sweeper thread" daemon [_thread_blocked, id=22140, stack(0x000000c3b1900000,0x000000c3b1a00000)]
  0x0000029b17a00e80 JavaThread "Common-Cleaner" daemon [_thread_blocked, id=9660, stack(0x000000c3b1a00000,0x000000c3b1b00000)]
  0x0000029b17a057e0 JavaThread "Notification Thread" daemon [_thread_blocked, id=2240, stack(0x000000c3b1b00000,0x000000c3b1c00000)]
  0x0000029b18cc55c0 JavaThread "Daemon health stats" [_thread_blocked, id=14648, stack(0x000000c3b2100000,0x000000c3b2200000)]
  0x0000029b193dc2f0 JavaThread "Incoming local TCP Connector on port 61099" [_thread_in_native, id=9084, stack(0x000000c3b2200000,0x000000c3b2300000)]
  0x0000029b1945f9b0 JavaThread "Daemon periodic checks" [_thread_blocked, id=1464, stack(0x000000c3b2300000,0x000000c3b2400000)]
  0x0000029b1949d960 JavaThread "Daemon" [_thread_blocked, id=11784, stack(0x000000c3b2400000,0x000000c3b2500000)]
  0x0000029b194a3f10 JavaThread "Handler for socket connection from /127.0.0.1:61099 to /127.0.0.1:61100" [_thread_in_native, id=7060, stack(0x000000c3b2500000,0x000000c3b2600000)]
  0x0000029b1931a440 JavaThread "Cancel handler" [_thread_blocked, id=6472, stack(0x000000c3b2600000,0x000000c3b2700000)]
  0x0000029b1931be80 JavaThread "Daemon worker" [_thread_blocked, id=16852, stack(0x000000c3b2700000,0x000000c3b2800000)]
  0x0000029b19336c30 JavaThread "Asynchronous log dispatcher for DefaultDaemonConnection: socket connection from /127.0.0.1:61099 to /127.0.0.1:61100" [_thread_blocked, id=15496, stack(0x000000c3b2800000,0x000000c3b2900000)]
  0x0000029b19337c20 JavaThread "Stdin handler" [_thread_blocked, id=3728, stack(0x000000c3b2900000,0x000000c3b2a00000)]
  0x0000029b19338170 JavaThread "Daemon client event forwarder" [_thread_blocked, id=4080, stack(0x000000c3b2a00000,0x000000c3b2b00000)]
  0x0000029b193396b0 JavaThread "Cache worker for journal cache (C:\Users\Hp\.gradle\caches\journal-1)" [_thread_blocked, id=27156, stack(0x000000c3b2b00000,0x000000c3b2c00000)]
  0x0000029b19339160 JavaThread "File lock request listener" [_thread_in_native, id=24408, stack(0x000000c3b2c00000,0x000000c3b2d00000)]
  0x0000029b193386c0 JavaThread "Cache worker for file hash cache (C:\Users\Hp\.gradle\caches\8.0.1\fileHashes)" [_thread_blocked, id=22032, stack(0x000000c3b2d00000,0x000000c3b2e00000)]
  0x0000029b19338c10 JavaThread "File watcher server" daemon [_thread_in_native, id=13384, stack(0x000000c3b3300000,0x000000c3b3400000)]
  0x0000029b193376d0 JavaThread "File watcher consumer" daemon [_thread_blocked, id=944, stack(0x000000c3b3400000,0x000000c3b3500000)]
  0x0000029b19336190 JavaThread "Cache worker for checksums cache (F:\React Native\planify\android\.gradle\8.0.1\checksums)" [_thread_blocked, id=25444, stack(0x000000c3b3700000,0x000000c3b3800000)]
  0x0000029b193366e0 JavaThread "Cache worker for cache directory md-rule (C:\Users\Hp\.gradle\caches\8.0.1\md-rule)" [_thread_blocked, id=15084, stack(0x000000c3b3800000,0x000000c3b3900000)]
  0x0000029b1a5218c0 JavaThread "Cache worker for file content cache (C:\Users\Hp\.gradle\caches\8.0.1\fileContent)" [_thread_blocked, id=23636, stack(0x000000c3b3900000,0x000000c3b3a00000)]
  0x0000029b1a524890 JavaThread "Cache worker for file hash cache (F:\React Native\planify\android\.gradle\8.0.1\fileHashes)" [_thread_blocked, id=9132, stack(0x000000c3b3a00000,0x000000c3b3b00000)]
  0x0000029b1a520380 JavaThread "Cache worker for cache directory md-supplier (C:\Users\Hp\.gradle\caches\8.0.1\md-supplier)" [_thread_blocked, id=4192, stack(0x000000c3b3b00000,0x000000c3b3c00000)]
  0x0000029b1a525880 JavaThread "Cache worker for execution history cache (C:\Users\Hp\.gradle\caches\8.0.1\executionHistory)" [_thread_blocked, id=8816, stack(0x000000c3b3c00000,0x000000c3b3d00000)]
  0x0000029b1a524de0 JavaThread "jar transforms" [_thread_blocked, id=17744, stack(0x000000c3b3d00000,0x000000c3b3e00000)]
  0x0000029b1a526320 JavaThread "jar transforms Thread 2" [_thread_blocked, id=21224, stack(0x000000c3b3e00000,0x000000c3b3f00000)]
  0x0000029b1a526870 JavaThread "jar transforms Thread 3" [_thread_blocked, id=22632, stack(0x000000c3b3f00000,0x000000c3b4000000)]
  0x0000029b1a522360 JavaThread "jar transforms Thread 4" [_thread_blocked, id=7996, stack(0x000000c3b4000000,0x000000c3b4100000)]
  0x0000029b1a521370 JavaThread "Cache worker for kotlin-dsl (C:\Users\Hp\.gradle\caches\8.0.1\kotlin-dsl)" [_thread_blocked, id=22856, stack(0x000000c3b4100000,0x000000c3b4200000)]
  0x0000029b1a525330 JavaThread "jar transforms Thread 5" [_thread_blocked, id=27404, stack(0x000000c3b4200000,0x000000c3b4300000)]
  0x0000029b1a522e00 JavaThread "jar transforms Thread 6" [_thread_blocked, id=26916, stack(0x000000c3b4300000,0x000000c3b4400000)]
  0x0000029b1a525dd0 JavaThread "Cache worker for dependencies-accessors (F:\React Native\planify\android\.gradle\8.0.1\dependencies-accessors)" [_thread_blocked, id=2464, stack(0x000000c3b4400000,0x000000c3b4500000)]
  0x0000029b1a523350 JavaThread "Cache worker for Build Output Cleanup Cache (F:\React Native\planify\node_modules\@react-native\gradle-plugin\.gradle\buildOutputCleanup)" [_thread_blocked, id=5976, stack(0x000000c3b0900000,0x000000c3b0a00000)]
  0x0000029b1a526dc0 JavaThread "jar transforms Thread 7" [_thread_blocked, id=11960, stack(0x000000c3b4500000,0x000000c3b4600000)]
  0x0000029b1a527310 JavaThread "File lock release action executor" [_thread_blocked, id=21092, stack(0x000000c3b4600000,0x000000c3b4700000)]
  0x0000029b1a51fe30 JavaThread "Unconstrained build operations" [_thread_blocked, id=20624, stack(0x000000c3b4700000,0x000000c3b4800000)]
  0x0000029b1a5208d0 JavaThread "Unconstrained build operations Thread 2" [_thread_blocked, id=5704, stack(0x000000c3b4800000,0x000000c3b4900000)]
  0x0000029b1a520e20 JavaThread "Unconstrained build operations Thread 3" [_thread_blocked, id=28000, stack(0x000000c3b4900000,0x000000c3b4a00000)]
  0x0000029b17adf5b0 JavaThread "Unconstrained build operations Thread 4" [_thread_blocked, id=9284, stack(0x000000c3b4a00000,0x000000c3b4b00000)]
  0x0000029b17adcb30 JavaThread "Unconstrained build operations Thread 5" [_thread_blocked, id=15680, stack(0x000000c3b4b00000,0x000000c3b4c00000)]
  0x0000029b17ad8b70 JavaThread "Unconstrained build operations Thread 6" [_thread_blocked, id=28040, stack(0x000000c3b4c00000,0x000000c3b4d00000)]
  0x0000029b17ad90c0 JavaThread "Unconstrained build operations Thread 7" [_thread_blocked, id=10668, stack(0x000000c3b4d00000,0x000000c3b4e00000)]
  0x0000029b17ade070 JavaThread "Unconstrained build operations Thread 8" [_thread_blocked, id=12268, stack(0x000000c3b4e00000,0x000000c3b4f00000)]
  0x0000029b17adc090 JavaThread "Unconstrained build operations Thread 9" [_thread_blocked, id=16288, stack(0x000000c3b4f00000,0x000000c3b5000000)]
  0x0000029b17adb0a0 JavaThread "Unconstrained build operations Thread 10" [_thread_blocked, id=18972, stack(0x000000c3b5000000,0x000000c3b5100000)]
  0x0000029b17adf060 JavaThread "Unconstrained build operations Thread 11" [_thread_blocked, id=25572, stack(0x000000c3b5100000,0x000000c3b5200000)]
  0x0000029b17ad9610 JavaThread "Unconstrained build operations Thread 12" [_thread_blocked, id=4288, stack(0x000000c3b5200000,0x000000c3b5300000)]
  0x0000029b17adc5e0 JavaThread "Unconstrained build operations Thread 13" [_thread_blocked, id=21912, stack(0x000000c3b5300000,0x000000c3b5400000)]
  0x0000029b17ad9b60 JavaThread "Unconstrained build operations Thread 14" [_thread_blocked, id=16300, stack(0x000000c3b5400000,0x000000c3b5500000)]
  0x0000029b17add080 JavaThread "Unconstrained build operations Thread 15" [_thread_blocked, id=27556, stack(0x000000c3b5500000,0x000000c3b5600000)]
  0x0000029b17ada0b0 JavaThread "Unconstrained build operations Thread 16" [_thread_blocked, id=23572, stack(0x000000c3b5600000,0x000000c3b5700000)]
  0x0000029b17ada600 JavaThread "Unconstrained build operations Thread 17" [_thread_blocked, id=10164, stack(0x000000c3b5700000,0x000000c3b5800000)]
  0x0000029b17adab50 JavaThread "Unconstrained build operations Thread 18" [_thread_blocked, id=11392, stack(0x000000c3b5800000,0x000000c3b5900000)]
  0x0000029b17adb5f0 JavaThread "Unconstrained build operations Thread 19" [_thread_blocked, id=27732, stack(0x000000c3b5900000,0x000000c3b5a00000)]
  0x0000029b17add5d0 JavaThread "Unconstrained build operations Thread 20" [_thread_blocked, id=17792, stack(0x000000c3b5a00000,0x000000c3b5b00000)]
  0x0000029b17ad7b80 JavaThread "Unconstrained build operations Thread 21" [_thread_blocked, id=16052, stack(0x000000c3b5b00000,0x000000c3b5c00000)]
  0x0000029b17adbb40 JavaThread "Unconstrained build operations Thread 22" [_thread_blocked, id=21588, stack(0x000000c3b5c00000,0x000000c3b5d00000)]
  0x0000029b17addb20 JavaThread "Unconstrained build operations Thread 23" [_thread_blocked, id=3740, stack(0x000000c3b5d00000,0x000000c3b5e00000)]
  0x0000029b17ade5c0 JavaThread "Unconstrained build operations Thread 24" [_thread_blocked, id=4696, stack(0x000000c3b5e00000,0x000000c3b5f00000)]
  0x0000029b17adeb10 JavaThread "Unconstrained build operations Thread 25" [_thread_blocked, id=14796, stack(0x000000c3b5f00000,0x000000c3b6000000)]
  0x0000029b17ad80d0 JavaThread "Unconstrained build operations Thread 26" [_thread_blocked, id=4224, stack(0x000000c3b6000000,0x000000c3b6100000)]
  0x0000029b17ad8620 JavaThread "jar transforms Thread 8" [_thread_blocked, id=24272, stack(0x000000c3b6100000,0x000000c3b6200000)]
  0x0000029b19ecb340 JavaThread "jar transforms Thread 9" [_thread_blocked, id=5748, stack(0x000000c3b6200000,0x000000c3b6300000)]
  0x0000029b19ecf300 JavaThread "jar transforms Thread 10" [_thread_blocked, id=22468, stack(0x000000c3b6300000,0x000000c3b6400000)]
  0x0000029b19ed1d80 JavaThread "jar transforms Thread 11" [_thread_blocked, id=28456, stack(0x000000c3b6400000,0x000000c3b6500000)]
  0x0000029b19ecddc0 JavaThread "jar transforms Thread 12" [_thread_blocked, id=24444, stack(0x000000c3b6500000,0x000000c3b6600000)]
  0x0000029b19ece310 JavaThread "File lock release action executor Thread 2" [_thread_blocked, id=14032, stack(0x000000c3b6600000,0x000000c3b6700000)]
  0x0000029b19ed0d90 JavaThread "Memory manager" [_thread_blocked, id=20132, stack(0x000000c3b6700000,0x000000c3b6800000)]
  0x0000029b19ece860 JavaThread "Cache worker for Build Output Cleanup Cache (F:\React Native\planify\android\.gradle\buildOutputCleanup)" [_thread_blocked, id=2432, stack(0x000000c3b6a00000,0x000000c3b6b00000)]
  0x0000029b19ed2820 JavaThread "included builds" [_thread_blocked, id=1112, stack(0x000000c3b6b00000,0x000000c3b6c00000)]
  0x0000029b19ecbde0 JavaThread "Execution worker" [_thread_blocked, id=7076, stack(0x000000c3b6c00000,0x000000c3b6d00000)]
  0x0000029b19ecc330 JavaThread "Execution worker Thread 2" [_thread_blocked, id=27244, stack(0x000000c3b6d00000,0x000000c3b6e00000)]
  0x0000029b19eccdd0 JavaThread "Execution worker Thread 3" [_thread_blocked, id=12468, stack(0x000000c3b6e00000,0x000000c3b6f00000)]
  0x0000029b19ecadf0 JavaThread "Execution worker Thread 4" [_thread_blocked, id=16732, stack(0x000000c3b6f00000,0x000000c3b7000000)]
  0x0000029b19ecedb0 JavaThread "Execution worker Thread 5" [_thread_blocked, id=3836, stack(0x000000c3b7000000,0x000000c3b7100000)]
  0x0000029b19ed0840 JavaThread "Execution worker Thread 6" [_thread_blocked, id=10684, stack(0x000000c3b7100000,0x000000c3b7200000)]
  0x0000029b19ed1830 JavaThread "Execution worker Thread 7" [_thread_blocked, id=2104, stack(0x000000c3b7200000,0x000000c3b7300000)]
  0x0000029b19ecc880 JavaThread "Execution worker Thread 8" [_thread_blocked, id=23792, stack(0x000000c3b7300000,0x000000c3b7400000)]
  0x0000029b19ed02f0 JavaThread "Execution worker Thread 9" [_thread_blocked, id=24252, stack(0x000000c3b7400000,0x000000c3b7500000)]
  0x0000029b19ecd320 JavaThread "Execution worker Thread 10" [_thread_blocked, id=27708, stack(0x000000c3b7500000,0x000000c3b7600000)]
  0x0000029b19ecd870 JavaThread "Execution worker Thread 11" [_thread_blocked, id=21244, stack(0x000000c3b7600000,0x000000c3b7700000)]
  0x0000029b19ed22d0 JavaThread "Cache worker for execution history cache (F:\React Native\planify\node_modules\@react-native\gradle-plugin\.gradle\8.0.1\executionHistory)" [_thread_blocked, id=24460, stack(0x000000c3b7700000,0x000000c3b7800000)]
  0x0000029b1b22d1b0 JavaThread "Unconstrained build operations Thread 27" [_thread_blocked, id=5024, stack(0x000000c3b7800000,0x000000c3b7900000)]
  0x0000029b1b22b1d0 JavaThread "Unconstrained build operations Thread 28" [_thread_blocked, id=27512, stack(0x000000c3b7900000,0x000000c3b7a00000)]
  0x0000029b1b22c710 JavaThread "Unconstrained build operations Thread 29" [_thread_blocked, id=15916, stack(0x000000c3b7a00000,0x000000c3b7b00000)]
  0x0000029b1b22b720 JavaThread "Unconstrained build operations Thread 30" [_thread_blocked, id=12088, stack(0x000000c3b7b00000,0x000000c3b7c00000)]
  0x0000029b1b22d700 JavaThread "Unconstrained build operations Thread 31" [_thread_blocked, id=11496, stack(0x000000c3b7c00000,0x000000c3b7d00000)]
  0x0000029b1b22e1a0 JavaThread "Unconstrained build operations Thread 32" [_thread_blocked, id=14952, stack(0x000000c3b7d00000,0x000000c3b7e00000)]
  0x0000029b1b22dc50 JavaThread "Unconstrained build operations Thread 33" [_thread_blocked, id=18028, stack(0x000000c3b7e00000,0x000000c3b7f00000)]
  0x0000029b1b22ac80 JavaThread "Unconstrained build operations Thread 34" [_thread_blocked, id=13872, stack(0x000000c3b7f00000,0x000000c3b8000000)]
  0x0000029b1b22bc70 JavaThread "Unconstrained build operations Thread 35" [_thread_blocked, id=10508, stack(0x000000c3b8000000,0x000000c3b8100000)]
  0x0000029b1b22c1c0 JavaThread "Unconstrained build operations Thread 36" [_thread_blocked, id=17128, stack(0x000000c3b8100000,0x000000c3b8200000)]
  0x0000029b1b22cc60 JavaThread "Unconstrained build operations Thread 37" [_thread_blocked, id=9060, stack(0x000000c3b8200000,0x000000c3b8300000)]
  0x0000029b1ac6b250 JavaThread "Unconstrained build operations Thread 38" [_thread_blocked, id=25092, stack(0x000000c3b8300000,0x000000c3b8400000)]
  0x0000029b1ac6b7a0 JavaThread "Unconstrained build operations Thread 39" [_thread_blocked, id=23628, stack(0x000000c3b8400000,0x000000c3b8500000)]
  0x0000029b1ac66d40 JavaThread "Unconstrained build operations Thread 40" [_thread_blocked, id=15404, stack(0x000000c3b8500000,0x000000c3b8600000)]
  0x0000029b1ac6dcd0 JavaThread "Unconstrained build operations Thread 41" [_thread_blocked, id=11448, stack(0x000000c3b8600000,0x000000c3b8700000)]
  0x0000029b1ac6d780 JavaThread "Unconstrained build operations Thread 42" [_thread_blocked, id=676, stack(0x000000c3b8700000,0x000000c3b8800000)]
  0x0000029b1ac667f0 JavaThread "Unconstrained build operations Thread 43" [_thread_blocked, id=16992, stack(0x000000c3b8800000,0x000000c3b8900000)]
  0x0000029b1ac67290 JavaThread "Unconstrained build operations Thread 44" [_thread_blocked, id=4632, stack(0x000000c3b8900000,0x000000c3b8a00000)]
  0x0000029b1ac6cce0 JavaThread "Unconstrained build operations Thread 45" [_thread_blocked, id=20128, stack(0x000000c3b8a00000,0x000000c3b8b00000)]
  0x0000029b1ac687d0 JavaThread "Unconstrained build operations Thread 46" [_thread_blocked, id=21500, stack(0x000000c3b8b00000,0x000000c3b8c00000)]
  0x0000029b1ac677e0 JavaThread "Unconstrained build operations Thread 47" [_thread_blocked, id=15604, stack(0x000000c3b8c00000,0x000000c3b8d00000)]
  0x0000029b1ac68d20 JavaThread "Unconstrained build operations Thread 48" [_thread_blocked, id=10052, stack(0x000000c3b8d00000,0x000000c3b8e00000)]
  0x0000029b1ac69270 JavaThread "Unconstrained build operations Thread 49" [_thread_blocked, id=25768, stack(0x000000c3b8e00000,0x000000c3b8f00000)]
  0x0000029b1ac6d230 JavaThread "Unconstrained build operations Thread 50" [_thread_blocked, id=1664, stack(0x000000c3b8f00000,0x000000c3b9000000)]
  0x0000029b1ac69d10 JavaThread "Unconstrained build operations Thread 51" [_thread_blocked, id=5740, stack(0x000000c3b9000000,0x000000c3b9100000)]
  0x0000029b1ac6c790 JavaThread "Unconstrained build operations Thread 52" [_thread_blocked, id=23344, stack(0x000000c3b9100000,0x000000c3b9200000)]
  0x0000029b1ac6bcf0 JavaThread "Unconstrained build operations Thread 53" [_thread_blocked, id=3824, stack(0x000000c3b9200000,0x000000c3b9300000)]
  0x0000029b1ac6c240 JavaThread "Unconstrained build operations Thread 54" [_thread_blocked, id=13436, stack(0x000000c3b9300000,0x000000c3b9400000)]
  0x0000029b1ac6e220 JavaThread "Unconstrained build operations Thread 55" [_thread_blocked, id=18988, stack(0x000000c3b9400000,0x000000c3b9500000)]
  0x0000029b1ac6a260 JavaThread "Unconstrained build operations Thread 56" [_thread_blocked, id=2328, stack(0x000000c3b9500000,0x000000c3b9600000)]
  0x0000029b1ac67d30 JavaThread "Unconstrained build operations Thread 57" [_thread_blocked, id=12188, stack(0x000000c3b9600000,0x000000c3b9700000)]
  0x0000029b1ac68280 JavaThread "Unconstrained build operations Thread 58" [_thread_blocked, id=2352, stack(0x000000c3b9700000,0x000000c3b9800000)]
  0x0000029b1ac697c0 JavaThread "Unconstrained build operations Thread 59" [_thread_blocked, id=12048, stack(0x000000c3b9800000,0x000000c3b9900000)]
  0x0000029b1ac6a7b0 JavaThread "Unconstrained build operations Thread 60" [_thread_blocked, id=22320, stack(0x000000c3b9900000,0x000000c3b9a00000)]
  0x0000029b1ac6ad00 JavaThread "Unconstrained build operations Thread 61" [_thread_blocked, id=21352, stack(0x000000c3b9a00000,0x000000c3b9b00000)]
  0x0000029b1bb53a30 JavaThread "Unconstrained build operations Thread 62" [_thread_blocked, id=8172, stack(0x000000c3b9b00000,0x000000c3b9c00000)]
  0x0000029b1bb52f90 JavaThread "Unconstrained build operations Thread 63" [_thread_blocked, id=14500, stack(0x000000c3b9c00000,0x000000c3b9d00000)]
  0x0000029b1bb59480 JavaThread "Unconstrained build operations Thread 64" [_thread_blocked, id=25712, stack(0x000000c3b9d00000,0x000000c3b9e00000)]
  0x0000029b1bb55f60 JavaThread "Unconstrained build operations Thread 65" [_thread_blocked, id=23920, stack(0x000000c3b9e00000,0x000000c3b9f00000)]
  0x0000029b1bb589e0 JavaThread "Unconstrained build operations Thread 66" [_thread_blocked, id=26664, stack(0x000000c3b9f00000,0x000000c3ba000000)]
  0x0000029b1bb53f80 JavaThread "Unconstrained build operations Thread 67" [_thread_blocked, id=8000, stack(0x000000c3ba000000,0x000000c3ba100000)]
  0x0000029b1bb574a0 JavaThread "Unconstrained build operations Thread 68" [_thread_blocked, id=21120, stack(0x000000c3ba100000,0x000000c3ba200000)]
  0x0000029b1bb55a10 JavaThread "Unconstrained build operations Thread 69" [_thread_blocked, id=15480, stack(0x000000c3ba200000,0x000000c3ba300000)]
  0x0000029b1bb56f50 JavaThread "Unconstrained build operations Thread 70" [_thread_blocked, id=15572, stack(0x000000c3ba300000,0x000000c3ba400000)]
  0x0000029b1bb564b0 JavaThread "Unconstrained build operations Thread 71" [_thread_blocked, id=21688, stack(0x000000c3ba400000,0x000000c3ba500000)]
  0x0000029b1bb5a9c0 JavaThread "Unconstrained build operations Thread 72" [_thread_blocked, id=13972, stack(0x000000c3ba500000,0x000000c3ba600000)]
  0x0000029b1bb599d0 JavaThread "Unconstrained build operations Thread 73" [_thread_blocked, id=17784, stack(0x000000c3ba600000,0x000000c3ba700000)]
  0x0000029b1bb54f70 JavaThread "Unconstrained build operations Thread 74" [_thread_blocked, id=13464, stack(0x000000c3ba700000,0x000000c3ba800000)]
  0x0000029b1bb59f20 JavaThread "Unconstrained build operations Thread 75" [_thread_blocked, id=27180, stack(0x000000c3ba800000,0x000000c3ba900000)]
  0x0000029b1bb579f0 JavaThread "Unconstrained build operations Thread 76" [_thread_blocked, id=15636, stack(0x000000c3ba900000,0x000000c3baa00000)]
  0x0000029b1bb58f30 JavaThread "Unconstrained build operations Thread 77" [_thread_blocked, id=12596, stack(0x000000c3baa00000,0x000000c3bab00000)]
  0x0000029b1bb5a470 JavaThread "Unconstrained build operations Thread 78" [_thread_blocked, id=23688, stack(0x000000c3bab00000,0x000000c3bac00000)]
  0x0000029b1bb534e0 JavaThread "Unconstrained build operations Thread 79" [_thread_blocked, id=4992, stack(0x000000c3bac00000,0x000000c3bad00000)]
  0x0000029b1bb57f40 JavaThread "Unconstrained build operations Thread 80" [_thread_blocked, id=144, stack(0x000000c3bad00000,0x000000c3bae00000)]
  0x0000029b1bb58490 JavaThread "Unconstrained build operations Thread 81" [_thread_blocked, id=24920, stack(0x000000c3bae00000,0x000000c3baf00000)]
  0x0000029b1bb56a00 JavaThread "Unconstrained build operations Thread 82" [_thread_blocked, id=4952, stack(0x000000c3baf00000,0x000000c3bb000000)]
  0x0000029b1bb544d0 JavaThread "Unconstrained build operations Thread 83" [_thread_blocked, id=21144, stack(0x000000c3bb000000,0x000000c3bb100000)]
  0x0000029b1bb54a20 JavaThread "Unconstrained build operations Thread 84" [_thread_blocked, id=12108, stack(0x000000c3bb100000,0x000000c3bb200000)]
  0x0000029b1bb554c0 JavaThread "Unconstrained build operations Thread 85" [_thread_blocked, id=1092, stack(0x000000c3bb200000,0x000000c3bb300000)]
  0x0000029b1bcb89f0 JavaThread "Unconstrained build operations Thread 86" [_thread_blocked, id=24440, stack(0x000000c3bb300000,0x000000c3bb400000)]
  0x0000029b1bcb5a20 JavaThread "Unconstrained build operations Thread 87" [_thread_blocked, id=13828, stack(0x000000c3bb400000,0x000000c3bb500000)]
  0x0000029b1bcba9d0 JavaThread "Unconstrained build operations Thread 88" [_thread_blocked, id=13196, stack(0x000000c3bb500000,0x000000c3bb600000)]
  0x0000029b1bcb7f50 JavaThread "Unconstrained build operations Thread 89" [_thread_blocked, id=23804, stack(0x000000c3bb600000,0x000000c3bb700000)]
  0x0000029b1bcb74b0 JavaThread "Unconstrained build operations Thread 90" [_thread_blocked, id=11084, stack(0x000000c3bb700000,0x000000c3bb800000)]
  0x0000029b1bcbb470 JavaThread "Unconstrained build operations Thread 91" [_thread_blocked, id=10008, stack(0x000000c3bb800000,0x000000c3bb900000)]
  0x0000029b1bcb44e0 JavaThread "Unconstrained build operations Thread 92" [_thread_blocked, id=18016, stack(0x000000c3bb900000,0x000000c3bba00000)]
  0x0000029b1bcb9f30 JavaThread "Unconstrained build operations Thread 93" [_thread_blocked, id=26268, stack(0x000000c3bba00000,0x000000c3bbb00000)]
  0x0000029b1bcb3f90 JavaThread "Unconstrained build operations Thread 94" [_thread_blocked, id=27308, stack(0x000000c3bbb00000,0x000000c3bbc00000)]
  0x0000029b1bcb54d0 JavaThread "Unconstrained build operations Thread 95" [_thread_blocked, id=7392, stack(0x000000c3bbc00000,0x000000c3bbd00000)]
  0x0000029b1bcb5f70 JavaThread "Unconstrained build operations Thread 96" [_thread_blocked, id=25972, stack(0x000000c3bbd00000,0x000000c3bbe00000)]
  0x0000029b1bcb7a00 JavaThread "Unconstrained build operations Thread 97" [_thread_blocked, id=28660, stack(0x000000c3bbe00000,0x000000c3bbf00000)]
  0x0000029b1bcb64c0 JavaThread "Unconstrained build operations Thread 98" [_thread_blocked, id=3664, stack(0x000000c3bbf00000,0x000000c3bc000000)]
  0x0000029b1bcb8f40 JavaThread "Unconstrained build operations Thread 99" [_thread_blocked, id=23756, stack(0x000000c3bc000000,0x000000c3bc100000)]
  0x0000029b1bcb3a40 JavaThread "Unconstrained build operations Thread 100" [_thread_blocked, id=11400, stack(0x000000c3bc100000,0x000000c3bc200000)]
  0x0000029b1bcba480 JavaThread "Unconstrained build operations Thread 101" [_thread_blocked, id=25432, stack(0x000000c3bc200000,0x000000c3bc300000)]
  0x0000029b1bcb6a10 JavaThread "Unconstrained build operations Thread 102" [_thread_blocked, id=25268, stack(0x000000c3bc300000,0x000000c3bc400000)]
  0x0000029b1bcb4a30 JavaThread "Unconstrained build operations Thread 103" [_thread_blocked, id=11396, stack(0x000000c3bc400000,0x000000c3bc500000)]
  0x0000029b1bcb6f60 JavaThread "Unconstrained build operations Thread 104" [_thread_blocked, id=28208, stack(0x000000c3bc500000,0x000000c3bc600000)]
  0x0000029b1bcb84a0 JavaThread "Unconstrained build operations Thread 105" [_thread_blocked, id=27056, stack(0x000000c3bc600000,0x000000c3bc700000)]
  0x0000029b1bcb4f80 JavaThread "Unconstrained build operations Thread 106" [_thread_blocked, id=27488, stack(0x000000c3bc700000,0x000000c3bc800000)]
  0x0000029b1bcb9490 JavaThread "Unconstrained build operations Thread 107" [_thread_blocked, id=22588, stack(0x000000c3bc800000,0x000000c3bc900000)]
  0x0000029b1bcb99e0 JavaThread "Unconstrained build operations Thread 108" [_thread_blocked, id=20996, stack(0x000000c3bc900000,0x000000c3bca00000)]
  0x0000029b1bcbaf20 JavaThread "Unconstrained build operations Thread 109" [_thread_blocked, id=14128, stack(0x000000c3bca00000,0x000000c3bcb00000)]
  0x0000029b1b544250 JavaThread "Unconstrained build operations Thread 110" [_thread_blocked, id=15964, stack(0x000000c3bcb00000,0x000000c3bcc00000)]
  0x0000029b1b543260 JavaThread "Unconstrained build operations Thread 111" [_thread_blocked, id=23132, stack(0x000000c3bcc00000,0x000000c3bcd00000)]
  0x0000029b1b5447a0 JavaThread "Unconstrained build operations Thread 112" [_thread_blocked, id=25260, stack(0x000000c3bcd00000,0x000000c3bce00000)]
  0x0000029b1b544cf0 JavaThread "Unconstrained build operations Thread 113" [_thread_blocked, id=7812, stack(0x000000c3bce00000,0x000000c3bcf00000)]
  0x0000029b1b541d20 JavaThread "Unconstrained build operations Thread 114" [_thread_blocked, id=4004, stack(0x000000c3bcf00000,0x000000c3bd000000)]
  0x0000029b1b543d00 JavaThread "Unconstrained build operations Thread 115" [_thread_blocked, id=20544, stack(0x000000c3bd000000,0x000000c3bd100000)]
  0x0000029b1b53dd60 JavaThread "Unconstrained build operations Thread 116" [_thread_blocked, id=14124, stack(0x000000c3bd100000,0x000000c3bd200000)]
  0x0000029b1b540290 JavaThread "Unconstrained build operations Thread 117" [_thread_blocked, id=7188, stack(0x000000c3bd200000,0x000000c3bd300000)]
  0x0000029b1b545240 JavaThread "Unconstrained build operations Thread 118" [_thread_blocked, id=14824, stack(0x000000c3bd300000,0x000000c3bd400000)]
  0x0000029b1b53d810 JavaThread "Unconstrained build operations Thread 119" [_thread_blocked, id=17736, stack(0x000000c3bd400000,0x000000c3bd500000)]
  0x0000029b1b5427c0 JavaThread "Unconstrained build operations Thread 120" [_thread_blocked, id=27764, stack(0x000000c3bd500000,0x000000c3bd600000)]

Other Threads:
  0x0000029b136f3cf0 VMThread "VM Thread" [stack: 0x000000c3b1000000,0x000000c3b1100000] [id=23308]
  0x0000029b17a0dd30 WatcherThread "VM Periodic Task Thread" [stack: 0x000000c3b1c00000,0x000000c3b1d00000] [id=12460]
  0x0000029b729e5470 WorkerThread "GC Thread#0" [stack: 0x000000c3b0b00000,0x000000c3b0c00000] [id=20936]
  0x0000029b18203bb0 WorkerThread "GC Thread#1" [stack: 0x000000c3b1d00000,0x000000c3b1e00000] [id=19240]
  0x0000029b18202260 WorkerThread "GC Thread#2" [stack: 0x000000c3b1e00000,0x000000c3b1f00000] [id=21812]
  0x0000029b18202800 WorkerThread "GC Thread#3" [stack: 0x000000c3b1f00000,0x000000c3b2000000] [id=24044]
  0x0000029b18202da0 WorkerThread "GC Thread#4" [stack: 0x000000c3b2000000,0x000000c3b2100000] [id=22764]
  0x0000029b19467080 WorkerThread "GC Thread#5" [stack: 0x000000c3b2e00000,0x000000c3b2f00000] [id=3496]
  0x0000029b19466270 WorkerThread "GC Thread#6" [stack: 0x000000c3b2f00000,0x000000c3b3000000] [id=27536]
  0x0000029b19465730 WorkerThread "GC Thread#7" [stack: 0x000000c3b3000000,0x000000c3b3100000] [id=25688]
  0x0000029b19467bc0 WorkerThread "GC Thread#8" [stack: 0x000000c3b3100000,0x000000c3b3200000] [id=9320]
  0x0000029b19467350 WorkerThread "GC Thread#9" [stack: 0x000000c3b3200000,0x000000c3b3300000] [id=21444]
  0x0000029b729f63d0 ConcurrentGCThread "G1 Main Marker" [stack: 0x000000c3b0c00000,0x000000c3b0d00000] [id=24480]
  0x0000029b729f7100 WorkerThread "G1 Conc#0" [stack: 0x000000c3b0d00000,0x000000c3b0e00000] [id=19872]
  0x0000029b19468430 WorkerThread "G1 Conc#1" [stack: 0x000000c3b3500000,0x000000c3b3600000] [id=19156]
  0x0000029b19467e90 WorkerThread "G1 Conc#2" [stack: 0x000000c3b3600000,0x000000c3b3700000] [id=8940]
  0x0000029b72a3ea20 ConcurrentGCThread "G1 Refine#0" [stack: 0x000000c3b0e00000,0x000000c3b0f00000] [id=11644]
  0x0000029b135a57c0 ConcurrentGCThread "G1 Service" [stack: 0x000000c3b0f00000,0x000000c3b1000000] [id=20088]

Threads with active compile tasks:
C2 CompilerThread0    53617 9961       4       org.gradle.internal.service.DefaultServiceRegistry$SingletonService::get (5 bytes)

VM state: not at safepoint (normal execution)

VM Mutex/Monitor currently owned by a thread: None

Heap address: 0x0000000080000000, size: 2048 MB, Compressed Oops mode: 32-bit

CDS archive(s) mapped at: [0x0000000800000000-0x0000000800c40000-0x0000000800c40000), size 12845056, SharedBaseAddress: 0x0000000800000000, ArchiveRelocationMode: 0.
Compressed class space mapped at: 0x0000000801000000-0x000000081ac00000, reserved size: 432013312
Narrow klass base: 0x0000000800000000, Narrow klass shift: 0, Narrow klass range: 0x100000000

GC Precious Log:
 CardTable entry size: 512
 Card Set container configuration: InlinePtr #cards 5 size 8 Array Of Cards #cards 12 size 40 Howl #buckets 4 coarsen threshold 1843 Howl Bitmap #cards 512 size 80 coarsen threshold 460 Card regions per heap region 1 cards per card region 2048
 CPUs: 12 total, 12 available
 Memory: 7863M
 Large Page Support: Disabled
 NUMA Support: Disabled
 Compressed Oops: Enabled (32-bit)
 Heap Region Size: 1M
 Heap Min Capacity: 8M
 Heap Initial Capacity: 124M
 Heap Max Capacity: 2G
 Pre-touch: Disabled
 Parallel Workers: 10
 Concurrent Workers: 3
 Concurrent Refinement Workers: 10
 Periodic GC: Disabled

Heap:
 garbage-first heap   total 163840K, used 82743K [0x0000000080000000, 0x0000000100000000)
  region size 1024K, 10 young (10240K), 5 survivors (5120K)
 Metaspace       used 77915K, committed 79936K, reserved 552960K
  class space    used 10501K, committed 11584K, reserved 421888K

Heap Regions: E=young(eden), S=young(survivor), O=old, HS=humongous(starts), HC=humongous(continues), CS=collection set, F=free, OA=open archive, CA=closed archive, TAMS=top-at-mark-start (previous, next)
|   0|0x0000000080000000, 0x0000000080100000, 0x0000000080100000|100%|HS|  |TAMS 0x0000000080100000, 0x0000000080000000| Complete 
|   1|0x0000000080100000, 0x0000000080200000, 0x0000000080200000|100%|HC|  |TAMS 0x0000000080200000, 0x0000000080100000| Complete 
|   2|0x0000000080200000, 0x0000000080300000, 0x0000000080300000|100%|HC|  |TAMS 0x0000000080300000, 0x0000000080200000| Complete 
|   3|0x0000000080300000, 0x0000000080400000, 0x0000000080400000|100%|HC|  |TAMS 0x0000000080400000, 0x0000000080300000| Complete 
|   4|0x0000000080400000, 0x0000000080500000, 0x0000000080500000|100%| O|  |TAMS 0x0000000080500000, 0x0000000080400000| Untracked 
|   5|0x0000000080500000, 0x0000000080600000, 0x0000000080600000|100%| O|  |TAMS 0x0000000080600000, 0x0000000080500000| Untracked 
|   6|0x0000000080600000, 0x0000000080700000, 0x0000000080700000|100%| O|  |TAMS 0x0000000080700000, 0x0000000080600000| Untracked 
|   7|0x0000000080700000, 0x0000000080800000, 0x0000000080800000|100%| O|  |TAMS 0x0000000080800000, 0x0000000080700000| Untracked 
|   8|0x0000000080800000, 0x0000000080900000, 0x0000000080900000|100%| O|  |TAMS 0x0000000080900000, 0x0000000080800000| Untracked 
|   9|0x0000000080900000, 0x0000000080a00000, 0x0000000080a00000|100%| O|  |TAMS 0x0000000080a00000, 0x0000000080900000| Untracked 
|  10|0x0000000080a00000, 0x0000000080b00000, 0x0000000080b00000|100%| O|  |TAMS 0x0000000080b00000, 0x0000000080a00000| Untracked 
|  11|0x0000000080b00000, 0x0000000080c00000, 0x0000000080c00000|100%| O|  |TAMS 0x0000000080c00000, 0x0000000080b00000| Untracked 
|  12|0x0000000080c00000, 0x0000000080d00000, 0x0000000080d00000|100%| O|  |TAMS 0x0000000080d00000, 0x0000000080c00000| Untracked 
|  13|0x0000000080d00000, 0x0000000080e00000, 0x0000000080e00000|100%| O|  |TAMS 0x0000000080e00000, 0x0000000080d00000| Untracked 
|  14|0x0000000080e00000, 0x0000000080f00000, 0x0000000080f00000|100%| O|  |TAMS 0x0000000080f00000, 0x0000000080e00000| Untracked 
|  15|0x0000000080f00000, 0x0000000081000000, 0x0000000081000000|100%| O|  |TAMS 0x0000000081000000, 0x0000000080f00000| Untracked 
|  16|0x0000000081000000, 0x0000000081100000, 0x0000000081100000|100%| O|  |TAMS 0x0000000081100000, 0x0000000081000000| Untracked 
|  17|0x0000000081100000, 0x0000000081200000, 0x0000000081200000|100%| O|  |TAMS 0x0000000081200000, 0x0000000081100000| Untracked 
|  18|0x0000000081200000, 0x0000000081300000, 0x0000000081300000|100%| O|  |TAMS 0x0000000081300000, 0x0000000081200000| Untracked 
|  19|0x0000000081300000, 0x0000000081400000, 0x0000000081400000|100%| O|  |TAMS 0x0000000081400000, 0x0000000081300000| Untracked 
|  20|0x0000000081400000, 0x0000000081500000, 0x0000000081500000|100%| O|  |TAMS 0x0000000081400000, 0x0000000081400000| Untracked 
|  21|0x0000000081500000, 0x0000000081600000, 0x0000000081600000|100%| O|  |TAMS 0x0000000081600000, 0x0000000081500000| Untracked 
|  22|0x0000000081600000, 0x0000000081700000, 0x0000000081700000|100%| O|  |TAMS 0x0000000081700000, 0x0000000081600000| Untracked 
|  23|0x0000000081700000, 0x0000000081800000, 0x0000000081800000|100%| O|  |TAMS 0x0000000081800000, 0x0000000081700000| Untracked 
|  24|0x0000000081800000, 0x0000000081900000, 0x0000000081900000|100%| O|  |TAMS 0x0000000081900000, 0x0000000081800000| Untracked 
|  25|0x0000000081900000, 0x0000000081a00000, 0x0000000081a00000|100%| O|  |TAMS 0x0000000081a00000, 0x0000000081900000| Untracked 
|  26|0x0000000081a00000, 0x0000000081b00000, 0x0000000081b00000|100%| O|  |TAMS 0x0000000081b00000, 0x0000000081a00000| Untracked 
|  27|0x0000000081b00000, 0x0000000081c00000, 0x0000000081c00000|100%| O|  |TAMS 0x0000000081c00000, 0x0000000081b00000| Untracked 
|  28|0x0000000081c00000, 0x0000000081d00000, 0x0000000081d00000|100%| O|  |TAMS 0x0000000081d00000, 0x0000000081c00000| Untracked 
|  29|0x0000000081d00000, 0x0000000081e00000, 0x0000000081e00000|100%| O|  |TAMS 0x0000000081e00000, 0x0000000081d00000| Untracked 
|  30|0x0000000081e00000, 0x0000000081f00000, 0x0000000081f00000|100%| O|  |TAMS 0x0000000081f00000, 0x0000000081e00000| Untracked 
|  31|0x0000000081f00000, 0x0000000082000000, 0x0000000082000000|100%|HS|  |TAMS 0x0000000081f00000, 0x0000000081f00000| Complete 
|  32|0x0000000082000000, 0x0000000082100000, 0x0000000082100000|100%| O|  |TAMS 0x0000000082100000, 0x0000000082000000| Untracked 
|  33|0x0000000082100000, 0x0000000082200000, 0x0000000082200000|100%| O|  |TAMS 0x0000000082200000, 0x0000000082100000| Untracked 
|  34|0x0000000082200000, 0x0000000082300000, 0x0000000082300000|100%|HS|  |TAMS 0x0000000082300000, 0x0000000082200000| Complete 
|  35|0x0000000082300000, 0x0000000082400000, 0x0000000082400000|100%|HC|  |TAMS 0x0000000082400000, 0x0000000082300000| Complete 
|  36|0x0000000082400000, 0x0000000082500000, 0x0000000082500000|100%|HS|  |TAMS 0x0000000082500000, 0x0000000082400000| Complete 
|  37|0x0000000082500000, 0x0000000082600000, 0x0000000082600000|100%|HC|  |TAMS 0x0000000082600000, 0x0000000082500000| Complete 
|  38|0x0000000082600000, 0x0000000082700000, 0x0000000082700000|100%|HC|  |TAMS 0x0000000082700000, 0x0000000082600000| Complete 
|  39|0x0000000082700000, 0x0000000082800000, 0x0000000082800000|100%|HC|  |TAMS 0x0000000082800000, 0x0000000082700000| Complete 
|  40|0x0000000082800000, 0x0000000082900000, 0x0000000082900000|100%| O|  |TAMS 0x0000000082800000, 0x0000000082800000| Untracked 
|  41|0x0000000082900000, 0x0000000082a00000, 0x0000000082a00000|100%| O|  |TAMS 0x0000000082900000, 0x0000000082900000| Untracked 
|  42|0x0000000082a00000, 0x0000000082b00000, 0x0000000082b00000|100%| O|  |TAMS 0x0000000082a00000, 0x0000000082a00000| Untracked 
|  43|0x0000000082b00000, 0x0000000082c00000, 0x0000000082c00000|100%| O|  |TAMS 0x0000000082b00000, 0x0000000082b00000| Untracked 
|  44|0x0000000082c00000, 0x0000000082d00000, 0x0000000082d00000|100%| O|  |TAMS 0x0000000082c00000, 0x0000000082c00000| Untracked 
|  45|0x0000000082d00000, 0x0000000082e00000, 0x0000000082e00000|100%| O|  |TAMS 0x0000000082d00000, 0x0000000082d00000| Untracked 
|  46|0x0000000082e00000, 0x0000000082f00000, 0x0000000082f00000|100%| O|  |TAMS 0x0000000082e00000, 0x0000000082e00000| Untracked 
|  47|0x0000000082f00000, 0x0000000083000000, 0x0000000083000000|100%| O|  |TAMS 0x0000000082f00000, 0x0000000082f00000| Untracked 
|  48|0x0000000083000000, 0x0000000083100000, 0x0000000083100000|100%| O|  |TAMS 0x0000000083000000, 0x0000000083000000| Untracked 
|  49|0x0000000083100000, 0x0000000083200000, 0x0000000083200000|100%| O|  |TAMS 0x0000000083100000, 0x0000000083100000| Untracked 
|  50|0x0000000083200000, 0x0000000083300000, 0x0000000083300000|100%| O|  |TAMS 0x0000000083200000, 0x0000000083200000| Untracked 
|  51|0x0000000083300000, 0x0000000083400000, 0x0000000083400000|100%| O|  |TAMS 0x0000000083300000, 0x0000000083300000| Untracked 
|  52|0x0000000083400000, 0x0000000083500000, 0x0000000083500000|100%| O|  |TAMS 0x0000000083400000, 0x0000000083400000| Untracked 
|  53|0x0000000083500000, 0x0000000083600000, 0x0000000083600000|100%| O|  |TAMS 0x0000000083500000, 0x0000000083500000| Untracked 
|  54|0x0000000083600000, 0x0000000083700000, 0x0000000083700000|100%| O|  |TAMS 0x0000000083600000, 0x0000000083600000| Untracked 
|  55|0x0000000083700000, 0x0000000083800000, 0x0000000083800000|100%| O|  |TAMS 0x0000000083700000, 0x0000000083700000| Untracked 
|  56|0x0000000083800000, 0x0000000083900000, 0x0000000083900000|100%| O|  |TAMS 0x0000000083800000, 0x0000000083800000| Untracked 
|  57|0x0000000083900000, 0x0000000083a00000, 0x0000000083a00000|100%|HS|  |TAMS 0x0000000083900000, 0x0000000083900000| Complete 
|  58|0x0000000083a00000, 0x0000000083a00000, 0x0000000083b00000|  0%| F|  |TAMS 0x0000000083a00000, 0x0000000083a00000| Untracked 
|  59|0x0000000083b00000, 0x0000000083c00000, 0x0000000083c00000|100%| O|  |TAMS 0x0000000083b00000, 0x0000000083b00000| Untracked 
|  60|0x0000000083c00000, 0x0000000083d00000, 0x0000000083d00000|100%| O|  |TAMS 0x0000000083c00000, 0x0000000083c00000| Untracked 
|  61|0x0000000083d00000, 0x0000000083e00000, 0x0000000083e00000|100%| O|  |TAMS 0x0000000083d00000, 0x0000000083d00000| Untracked 
|  62|0x0000000083e00000, 0x0000000083f00000, 0x0000000083f00000|100%| O|  |TAMS 0x0000000083e00000, 0x0000000083e00000| Untracked 
|  63|0x0000000083f00000, 0x0000000084000000, 0x0000000084000000|100%| O|  |TAMS 0x0000000083f00000, 0x0000000083f00000| Untracked 
|  64|0x0000000084000000, 0x0000000084100000, 0x0000000084100000|100%| O|  |TAMS 0x0000000084000000, 0x0000000084000000| Untracked 
|  65|0x0000000084100000, 0x0000000084200000, 0x0000000084200000|100%| O|  |TAMS 0x0000000084100000, 0x0000000084100000| Untracked 
|  66|0x0000000084200000, 0x0000000084300000, 0x0000000084300000|100%| O|  |TAMS 0x0000000084200000, 0x0000000084200000| Untracked 
|  67|0x0000000084300000, 0x0000000084400000, 0x0000000084400000|100%| O|  |TAMS 0x0000000084300000, 0x0000000084300000| Untracked 
|  68|0x0000000084400000, 0x0000000084500000, 0x0000000084500000|100%| O|  |TAMS 0x0000000084400000, 0x0000000084400000| Untracked 
|  69|0x0000000084500000, 0x0000000084600000, 0x0000000084600000|100%| O|  |TAMS 0x0000000084500000, 0x0000000084500000| Untracked 
|  70|0x0000000084600000, 0x0000000084700000, 0x0000000084700000|100%| O|  |TAMS 0x0000000084600000, 0x0000000084600000| Untracked 
|  71|0x0000000084700000, 0x0000000084800000, 0x0000000084800000|100%| O|  |TAMS 0x0000000084700000, 0x0000000084700000| Untracked 
|  72|0x0000000084800000, 0x0000000084900000, 0x0000000084900000|100%| O|  |TAMS 0x0000000084800000, 0x0000000084800000| Untracked 
|  73|0x0000000084900000, 0x000000008499c000, 0x0000000084a00000| 60%| O|  |TAMS 0x0000000084900000, 0x0000000084900000| Untracked 
|  74|0x0000000084a00000, 0x0000000084a00000, 0x0000000084b00000|  0%| F|  |TAMS 0x0000000084a00000, 0x0000000084a00000| Untracked 
|  75|0x0000000084b00000, 0x0000000084b00000, 0x0000000084c00000|  0%| F|  |TAMS 0x0000000084b00000, 0x0000000084b00000| Untracked 
|  76|0x0000000084c00000, 0x0000000084c00000, 0x0000000084d00000|  0%| F|  |TAMS 0x0000000084c00000, 0x0000000084c00000| Untracked 
|  77|0x0000000084d00000, 0x0000000084d00000, 0x0000000084e00000|  0%| F|  |TAMS 0x0000000084d00000, 0x0000000084d00000| Untracked 
|  78|0x0000000084e00000, 0x0000000084e00000, 0x0000000084f00000|  0%| F|  |TAMS 0x0000000084e00000, 0x0000000084e00000| Untracked 
|  79|0x0000000084f00000, 0x0000000084f00000, 0x0000000085000000|  0%| F|  |TAMS 0x0000000084f00000, 0x0000000084f00000| Untracked 
|  80|0x0000000085000000, 0x0000000085000000, 0x0000000085100000|  0%| F|  |TAMS 0x0000000085000000, 0x0000000085000000| Untracked 
|  81|0x0000000085100000, 0x0000000085100000, 0x0000000085200000|  0%| F|  |TAMS 0x0000000085100000, 0x0000000085100000| Untracked 
|  82|0x0000000085200000, 0x0000000085200000, 0x0000000085300000|  0%| F|  |TAMS 0x0000000085200000, 0x0000000085200000| Untracked 
|  83|0x0000000085300000, 0x0000000085300000, 0x0000000085400000|  0%| F|  |TAMS 0x0000000085300000, 0x0000000085300000| Untracked 
|  84|0x0000000085400000, 0x0000000085400000, 0x0000000085500000|  0%| F|  |TAMS 0x0000000085400000, 0x0000000085400000| Untracked 
|  85|0x0000000085500000, 0x0000000085500000, 0x0000000085600000|  0%| F|  |TAMS 0x0000000085500000, 0x0000000085500000| Untracked 
|  86|0x0000000085600000, 0x0000000085600000, 0x0000000085700000|  0%| F|  |TAMS 0x0000000085600000, 0x0000000085600000| Untracked 
|  87|0x0000000085700000, 0x0000000085700000, 0x0000000085800000|  0%| F|  |TAMS 0x0000000085700000, 0x0000000085700000| Untracked 
|  88|0x0000000085800000, 0x0000000085800000, 0x0000000085900000|  0%| F|  |TAMS 0x0000000085800000, 0x0000000085800000| Untracked 
|  89|0x0000000085900000, 0x0000000085900000, 0x0000000085a00000|  0%| F|  |TAMS 0x0000000085900000, 0x0000000085900000| Untracked 
|  90|0x0000000085a00000, 0x0000000085a00000, 0x0000000085b00000|  0%| F|  |TAMS 0x0000000085a00000, 0x0000000085a00000| Untracked 
|  91|0x0000000085b00000, 0x0000000085b00000, 0x0000000085c00000|  0%| F|  |TAMS 0x0000000085b00000, 0x0000000085b00000| Untracked 
|  92|0x0000000085c00000, 0x0000000085c00000, 0x0000000085d00000|  0%| F|  |TAMS 0x0000000085c00000, 0x0000000085c00000| Untracked 
|  93|0x0000000085d00000, 0x0000000085d00000, 0x0000000085e00000|  0%| F|  |TAMS 0x0000000085d00000, 0x0000000085d00000| Untracked 
|  94|0x0000000085e00000, 0x0000000085e00000, 0x0000000085f00000|  0%| F|  |TAMS 0x0000000085e00000, 0x0000000085e00000| Untracked 
|  95|0x0000000085f00000, 0x0000000085f00000, 0x0000000086000000|  0%| F|  |TAMS 0x0000000085f00000, 0x0000000085f00000| Untracked 
|  96|0x0000000086000000, 0x0000000086000000, 0x0000000086100000|  0%| F|  |TAMS 0x0000000086000000, 0x0000000086000000| Untracked 
|  97|0x0000000086100000, 0x0000000086100000, 0x0000000086200000|  0%| F|  |TAMS 0x0000000086100000, 0x0000000086100000| Untracked 
|  98|0x0000000086200000, 0x0000000086200000, 0x0000000086300000|  0%| F|  |TAMS 0x0000000086200000, 0x0000000086200000| Untracked 
|  99|0x0000000086300000, 0x0000000086300000, 0x0000000086400000|  0%| F|  |TAMS 0x0000000086300000, 0x0000000086300000| Untracked 
| 100|0x0000000086400000, 0x0000000086400000, 0x0000000086500000|  0%| F|  |TAMS 0x0000000086400000, 0x0000000086400000| Untracked 
| 101|0x0000000086500000, 0x0000000086500000, 0x0000000086600000|  0%| F|  |TAMS 0x0000000086500000, 0x0000000086500000| Untracked 
| 102|0x0000000086600000, 0x0000000086631d80, 0x0000000086700000| 19%| S|CS|TAMS 0x0000000086600000, 0x0000000086600000| Complete 
| 103|0x0000000086700000, 0x0000000086800000, 0x0000000086800000|100%| S|CS|TAMS 0x0000000086700000, 0x0000000086700000| Complete 
| 104|0x0000000086800000, 0x0000000086900000, 0x0000000086900000|100%| S|CS|TAMS 0x0000000086800000, 0x0000000086800000| Complete 
| 105|0x0000000086900000, 0x0000000086a00000, 0x0000000086a00000|100%| S|CS|TAMS 0x0000000086900000, 0x0000000086900000| Complete 
| 106|0x0000000086a00000, 0x0000000086b00000, 0x0000000086b00000|100%| S|CS|TAMS 0x0000000086a00000, 0x0000000086a00000| Complete 
| 107|0x0000000086b00000, 0x0000000086b00000, 0x0000000086c00000|  0%| F|  |TAMS 0x0000000086b00000, 0x0000000086b00000| Untracked 
| 108|0x0000000086c00000, 0x0000000086c00000, 0x0000000086d00000|  0%| F|  |TAMS 0x0000000086c00000, 0x0000000086c00000| Untracked 
| 109|0x0000000086d00000, 0x0000000086d00000, 0x0000000086e00000|  0%| F|  |TAMS 0x0000000086d00000, 0x0000000086d00000| Untracked 
| 110|0x0000000086e00000, 0x0000000086e00000, 0x0000000086f00000|  0%| F|  |TAMS 0x0000000086e00000, 0x0000000086e00000| Untracked 
| 111|0x0000000086f00000, 0x0000000086f00000, 0x0000000087000000|  0%| F|  |TAMS 0x0000000086f00000, 0x0000000086f00000| Untracked 
| 112|0x0000000087000000, 0x0000000087000000, 0x0000000087100000|  0%| F|  |TAMS 0x0000000087000000, 0x0000000087000000| Untracked 
| 113|0x0000000087100000, 0x0000000087100000, 0x0000000087200000|  0%| F|  |TAMS 0x0000000087100000, 0x0000000087100000| Untracked 
| 114|0x0000000087200000, 0x0000000087200000, 0x0000000087300000|  0%| F|  |TAMS 0x0000000087200000, 0x0000000087200000| Untracked 
| 115|0x0000000087300000, 0x0000000087300000, 0x0000000087400000|  0%| F|  |TAMS 0x0000000087300000, 0x0000000087300000| Untracked 
| 116|0x0000000087400000, 0x0000000087400000, 0x0000000087500000|  0%| F|  |TAMS 0x0000000087400000, 0x0000000087400000| Untracked 
| 117|0x0000000087500000, 0x0000000087500000, 0x0000000087600000|  0%| F|  |TAMS 0x0000000087500000, 0x0000000087500000| Untracked 
| 118|0x0000000087600000, 0x0000000087600000, 0x0000000087700000|  0%| F|  |TAMS 0x0000000087600000, 0x0000000087600000| Untracked 
| 119|0x0000000087700000, 0x0000000087700000, 0x0000000087800000|  0%| F|  |TAMS 0x0000000087700000, 0x0000000087700000| Untracked 
| 120|0x0000000087800000, 0x0000000087800000, 0x0000000087900000|  0%| F|  |TAMS 0x0000000087800000, 0x0000000087800000| Untracked 
| 121|0x0000000087900000, 0x0000000087900000, 0x0000000087a00000|  0%| F|  |TAMS 0x0000000087900000, 0x0000000087900000| Untracked 
| 122|0x0000000087a00000, 0x0000000087a00000, 0x0000000087b00000|  0%| F|  |TAMS 0x0000000087a00000, 0x0000000087a00000| Untracked 
| 123|0x0000000087b00000, 0x0000000087b00000, 0x0000000087c00000|  0%| F|  |TAMS 0x0000000087b00000, 0x0000000087b00000| Untracked 
| 124|0x0000000087c00000, 0x0000000087c00000, 0x0000000087d00000|  0%| F|  |TAMS 0x0000000087c00000, 0x0000000087c00000| Untracked 
| 125|0x0000000087d00000, 0x0000000087d00000, 0x0000000087e00000|  0%| F|  |TAMS 0x0000000087d00000, 0x0000000087d00000| Untracked 
| 126|0x0000000087e00000, 0x0000000087e00000, 0x0000000087f00000|  0%| F|  |TAMS 0x0000000087e00000, 0x0000000087e00000| Untracked 
| 127|0x0000000087f00000, 0x0000000087f00000, 0x0000000088000000|  0%| F|  |TAMS 0x0000000087f00000, 0x0000000087f00000| Untracked 
| 128|0x0000000088000000, 0x0000000088000000, 0x0000000088100000|  0%| F|  |TAMS 0x0000000088000000, 0x0000000088000000| Untracked 
| 129|0x0000000088100000, 0x0000000088100000, 0x0000000088200000|  0%| F|  |TAMS 0x0000000088100000, 0x0000000088100000| Untracked 
| 130|0x0000000088200000, 0x0000000088200000, 0x0000000088300000|  0%| F|  |TAMS 0x0000000088200000, 0x0000000088200000| Untracked 
| 131|0x0000000088300000, 0x0000000088300000, 0x0000000088400000|  0%| F|  |TAMS 0x0000000088300000, 0x0000000088300000| Untracked 
| 132|0x0000000088400000, 0x0000000088400000, 0x0000000088500000|  0%| F|  |TAMS 0x0000000088400000, 0x0000000088400000| Untracked 
| 133|0x0000000088500000, 0x0000000088500000, 0x0000000088600000|  0%| F|  |TAMS 0x0000000088500000, 0x0000000088500000| Untracked 
| 134|0x0000000088600000, 0x0000000088600000, 0x0000000088700000|  0%| F|  |TAMS 0x0000000088600000, 0x0000000088600000| Untracked 
| 135|0x0000000088700000, 0x0000000088700000, 0x0000000088800000|  0%| F|  |TAMS 0x0000000088700000, 0x0000000088700000| Untracked 
| 136|0x0000000088800000, 0x0000000088800000, 0x0000000088900000|  0%| F|  |TAMS 0x0000000088800000, 0x0000000088800000| Untracked 
| 137|0x0000000088900000, 0x0000000088900000, 0x0000000088a00000|  0%| F|  |TAMS 0x0000000088900000, 0x0000000088900000| Untracked 
| 138|0x0000000088a00000, 0x0000000088a00000, 0x0000000088b00000|  0%| F|  |TAMS 0x0000000088a00000, 0x0000000088a00000| Untracked 
| 139|0x0000000088b00000, 0x0000000088b00000, 0x0000000088c00000|  0%| F|  |TAMS 0x0000000088b00000, 0x0000000088b00000| Untracked 
| 140|0x0000000088c00000, 0x0000000088c00000, 0x0000000088d00000|  0%| F|  |TAMS 0x0000000088c00000, 0x0000000088c00000| Untracked 
| 141|0x0000000088d00000, 0x0000000088d00000, 0x0000000088e00000|  0%| F|  |TAMS 0x0000000088d00000, 0x0000000088d00000| Untracked 
| 142|0x0000000088e00000, 0x0000000088e00000, 0x0000000088f00000|  0%| F|  |TAMS 0x0000000088e00000, 0x0000000088e00000| Untracked 
| 143|0x0000000088f00000, 0x0000000088f00000, 0x0000000089000000|  0%| F|  |TAMS 0x0000000088f00000, 0x0000000088f00000| Untracked 
| 144|0x0000000089000000, 0x0000000089000000, 0x0000000089100000|  0%| F|  |TAMS 0x0000000089000000, 0x0000000089000000| Untracked 
| 145|0x0000000089100000, 0x0000000089100000, 0x0000000089200000|  0%| F|  |TAMS 0x0000000089100000, 0x0000000089100000| Untracked 
| 146|0x0000000089200000, 0x0000000089200000, 0x0000000089300000|  0%| F|  |TAMS 0x0000000089200000, 0x0000000089200000| Untracked 
| 147|0x0000000089300000, 0x0000000089300000, 0x0000000089400000|  0%| F|  |TAMS 0x0000000089300000, 0x0000000089300000| Untracked 
| 148|0x0000000089400000, 0x0000000089400000, 0x0000000089500000|  0%| F|  |TAMS 0x0000000089400000, 0x0000000089400000| Untracked 
| 149|0x0000000089500000, 0x0000000089500000, 0x0000000089600000|  0%| F|  |TAMS 0x0000000089500000, 0x0000000089500000| Untracked 
| 150|0x0000000089600000, 0x0000000089600000, 0x0000000089700000|  0%| F|  |TAMS 0x0000000089600000, 0x0000000089600000| Untracked 
| 151|0x0000000089700000, 0x0000000089700000, 0x0000000089800000|  0%| F|  |TAMS 0x0000000089700000, 0x0000000089700000| Untracked 
| 152|0x0000000089800000, 0x0000000089800000, 0x0000000089900000|  0%| F|  |TAMS 0x0000000089800000, 0x0000000089800000| Untracked 
| 153|0x0000000089900000, 0x0000000089900000, 0x0000000089a00000|  0%| F|  |TAMS 0x0000000089900000, 0x0000000089900000| Untracked 
| 154|0x0000000089a00000, 0x0000000089a00000, 0x0000000089b00000|  0%| F|  |TAMS 0x0000000089a00000, 0x0000000089a00000| Untracked 
| 155|0x0000000089b00000, 0x0000000089b539e0, 0x0000000089c00000| 32%| E|  |TAMS 0x0000000089b00000, 0x0000000089b00000| Complete 
| 156|0x0000000089c00000, 0x0000000089d00000, 0x0000000089d00000|100%| E|CS|TAMS 0x0000000089c00000, 0x0000000089c00000| Complete 
| 157|0x0000000089d00000, 0x0000000089e00000, 0x0000000089e00000|100%| E|CS|TAMS 0x0000000089d00000, 0x0000000089d00000| Complete 
| 158|0x0000000089e00000, 0x0000000089f00000, 0x0000000089f00000|100%| E|CS|TAMS 0x0000000089e00000, 0x0000000089e00000| Complete 
| 159|0x0000000089f00000, 0x000000008a000000, 0x000000008a000000|100%| E|CS|TAMS 0x0000000089f00000, 0x0000000089f00000| Complete 

Card table byte_map: [0x0000029b7d140000,0x0000029b7d540000] _byte_map_base: 0x0000029b7cd40000

Marking Bits (Prev, Next): (CMBitMap*) 0x0000029b729e5ae0, (CMBitMap*) 0x0000029b729e5aa0
 Prev Bits: [0x0000029b0f000000, 0x0000029b11000000)
 Next Bits: [0x0000029b7d940000, 0x0000029b7f940000)

Polling page: 0x0000029b72a40000

Metaspace:

Usage:
  Non-class:     65.83 MB used.
      Class:     10.26 MB used.
       Both:     76.09 MB used.

Virtual space:
  Non-class space:      128.00 MB reserved,      66.75 MB ( 52%) committed,  2 nodes.
      Class space:      412.00 MB reserved,      11.31 MB (  3%) committed,  1 nodes.
             Both:      540.00 MB reserved,      78.06 MB ( 14%) committed. 

Chunk freelists:
   Non-Class:  613.00 KB
       Class:  572.00 KB
        Both:  1.16 MB

MaxMetaspaceSize: 512.00 MB
CompressedClassSpaceSize: 412.00 MB
Initial GC threshold: 21.00 MB
Current GC threshold: 98.25 MB
CDS: on
MetaspaceReclaimPolicy: balanced
 - commit_granule_bytes: 65536.
 - commit_granule_words: 8192.
 - virtual_space_node_default_size: 8388608.
 - enlarge_chunks_in_place: 1.
 - new_chunks_are_fully_committed: 0.
 - uncommit_free_chunks: 1.
 - use_allocation_guard: 0.


Internal statistics:

num_allocs_failed_limit: 9.
num_arena_births: 3568.
num_arena_deaths: 0.
num_vsnodes_births: 3.
num_vsnodes_deaths: 0.
num_space_committed: 1249.
num_space_uncommitted: 0.
num_chunks_returned_to_freelist: 9.
num_chunks_taken_from_freelist: 7230.
num_chunk_merges: 6.
num_chunk_splits: 4709.
num_chunks_enlarged: 2876.
num_inconsistent_stats: 0.

CodeHeap 'non-profiled nmethods': size=120000Kb used=4513Kb max_used=4513Kb free=115487Kb
 bounds [0x0000029b07ad0000, 0x0000029b07f40000, 0x0000029b0f000000]
CodeHeap 'profiled nmethods': size=120000Kb used=18277Kb max_used=18277Kb free=101722Kb
 bounds [0x0000029b00000000, 0x0000029b011e0000, 0x0000029b07530000]
CodeHeap 'non-nmethods': size=5760Kb used=2484Kb max_used=2542Kb free=3275Kb
 bounds [0x0000029b07530000, 0x0000029b077c0000, 0x0000029b07ad0000]
 total_blobs=10015 nmethods=9083 adapters=840
 compilation: enabled
              stopped_count=0, restarted_count=0
 full_count=0

Compilation events (20 events):
Event: 53.412 Thread 0x0000029b13711280 9975       3       org.gradle.api.internal.DefaultNamedDomainObjectCollection::hasWithName (32 bytes)
Event: 53.412 Thread 0x0000029b13711280 nmethod 9975 0x0000029b011d4990 code [0x0000029b011d4b60, 0x0000029b011d4eb8]
Event: 53.412 Thread 0x0000029b13711280 9974       1       org.gradle.internal.resources.AbstractResourceLockRegistry$ThreadLockDetails::access$200 (5 bytes)
Event: 53.413 Thread 0x0000029b1370dae0 nmethod 9967 0x0000029b07f36190 code [0x0000029b07f36320, 0x0000029b07f36438]
Event: 53.413 Thread 0x0000029b13711280 nmethod 9974 0x0000029b07f36590 code [0x0000029b07f36720, 0x0000029b07f367d8]
Event: 53.413 Thread 0x0000029b1370dae0 9966       4       java.lang.reflect.Constructor::newInstanceWithCaller (51 bytes)
Event: 53.413 Thread 0x0000029b13711280 9976   !   3       org.gradle.api.internal.DefaultNamedDomainObjectCollection::applyRules (109 bytes)
Event: 53.414 Thread 0x0000029b13711280 nmethod 9976 0x0000029b011d5010 code [0x0000029b011d5260, 0x0000029b011d5d48]
Event: 53.414 Thread 0x0000029b13711280 9977       1       org.gradle.api.internal.artifacts.repositories.AbstractArtifactRepository::getName (5 bytes)
Event: 53.414 Thread 0x0000029b13711280 nmethod 9977 0x0000029b07f36890 code [0x0000029b07f36a20, 0x0000029b07f36ad8]
Event: 53.426 Thread 0x0000029b13711280 9979       3       java.net.URI$Parser::scan (23 bytes)
Event: 53.427 Thread 0x0000029b13711280 nmethod 9979 0x0000029b011d6110 code [0x0000029b011d6320, 0x0000029b011d6978]
Event: 53.432 Thread 0x0000029b1370dae0 nmethod 9966 0x0000029b07f36b90 code [0x0000029b07f36e40, 0x0000029b07f376a8]
Event: 53.432 Thread 0x0000029b1370dae0 9958       4       org.gradle.internal.service.DefaultServiceRegistry::assertValidServiceType (51 bytes)
Event: 53.433 Thread 0x0000029b1370dae0 nmethod 9958 0x0000029b07f38090 code [0x0000029b07f38220, 0x0000029b07f382f8]
Event: 53.434 Thread 0x0000029b1370dae0 9961       4       org.gradle.internal.service.DefaultServiceRegistry$SingletonService::get (5 bytes)
Event: 53.437 Thread 0x0000029b13711280 9980       3       java.lang.invoke.DirectMethodHandle$Interface::<init> (40 bytes)
Event: 53.437 Thread 0x0000029b13711280 nmethod 9980 0x0000029b011d6c10 code [0x0000029b011d6dc0, 0x0000029b011d6f68]
Event: 53.441 Thread 0x0000029b13711280 9981   !   3       org.gradle.internal.event.AbstractBroadcastDispatch::dispatch (191 bytes)
Event: 53.443 Thread 0x0000029b13711280 nmethod 9981 0x0000029b011d7010 code [0x0000029b011d7380, 0x0000029b011d8f98]

GC Heap History (20 events):
Event: 27.660 GC heap before
{Heap before GC invocations=10 (full 0):
 garbage-first heap   total 81920K, used 62233K [0x0000000080000000, 0x0000000100000000)
  region size 1024K, 33 young (33792K), 3 survivors (3072K)
 Metaspace       used 37860K, committed 39232K, reserved 487424K
  class space    used 5130K, committed 5824K, reserved 421888K
}
Event: 27.669 GC heap after
{Heap after GC invocations=11 (full 0):
 garbage-first heap   total 81920K, used 33959K [0x0000000080000000, 0x0000000100000000)
  region size 1024K, 3 young (3072K), 3 survivors (3072K)
 Metaspace       used 37860K, committed 39232K, reserved 487424K
  class space    used 5130K, committed 5824K, reserved 421888K
}
Event: 27.762 GC heap before
{Heap before GC invocations=11 (full 0):
 garbage-first heap   total 81920K, used 34983K [0x0000000080000000, 0x0000000100000000)
  region size 1024K, 4 young (4096K), 3 survivors (3072K)
 Metaspace       used 37988K, committed 39360K, reserved 487424K
  class space    used 5151K, committed 5824K, reserved 421888K
}
Event: 27.767 GC heap after
{Heap after GC invocations=12 (full 0):
 garbage-first heap   total 81920K, used 34109K [0x0000000080000000, 0x0000000100000000)
  region size 1024K, 1 young (1024K), 1 survivors (1024K)
 Metaspace       used 37988K, committed 39360K, reserved 487424K
  class space    used 5151K, committed 5824K, reserved 421888K
}
Event: 29.800 GC heap before
{Heap before GC invocations=12 (full 0):
 garbage-first heap   total 81920K, used 61757K [0x0000000080000000, 0x0000000100000000)
  region size 1024K, 29 young (29696K), 1 survivors (1024K)
 Metaspace       used 41530K, committed 42944K, reserved 487424K
  class space    used 5741K, committed 6464K, reserved 421888K
}
Event: 29.805 GC heap after
{Heap after GC invocations=13 (full 0):
 garbage-first heap   total 163840K, used 35805K [0x0000000080000000, 0x0000000100000000)
  region size 1024K, 2 young (2048K), 2 survivors (2048K)
 Metaspace       used 41530K, committed 42944K, reserved 487424K
  class space    used 5741K, committed 6464K, reserved 421888K
}
Event: 36.925 GC heap before
{Heap before GC invocations=13 (full 0):
 garbage-first heap   total 163840K, used 124893K [0x0000000080000000, 0x0000000100000000)
  region size 1024K, 84 young (86016K), 2 survivors (2048K)
 Metaspace       used 51622K, committed 53440K, reserved 487424K
  class space    used 7154K, committed 8128K, reserved 421888K
}
Event: 36.935 GC heap after
{Heap after GC invocations=14 (full 0):
 garbage-first heap   total 163840K, used 47767K [0x0000000080000000, 0x0000000100000000)
  region size 1024K, 8 young (8192K), 8 survivors (8192K)
 Metaspace       used 51622K, committed 53440K, reserved 487424K
  class space    used 7154K, committed 8128K, reserved 421888K
}
Event: 39.691 GC heap before
{Heap before GC invocations=14 (full 0):
 garbage-first heap   total 163840K, used 109207K [0x0000000080000000, 0x0000000100000000)
  region size 1024K, 69 young (70656K), 8 survivors (8192K)
 Metaspace       used 58429K, committed 60288K, reserved 487424K
  class space    used 8018K, committed 9024K, reserved 421888K
}
Event: 39.722 GC heap after
{Heap after GC invocations=15 (full 0):
 garbage-first heap   total 163840K, used 52966K [0x0000000080000000, 0x0000000100000000)
  region size 1024K, 6 young (6144K), 6 survivors (6144K)
 Metaspace       used 58429K, committed 60288K, reserved 487424K
  class space    used 8018K, committed 9024K, reserved 421888K
}
Event: 43.939 GC heap before
{Heap before GC invocations=16 (full 0):
 garbage-first heap   total 163840K, used 124646K [0x0000000080000000, 0x0000000100000000)
  region size 1024K, 77 young (78848K), 6 survivors (6144K)
 Metaspace       used 63934K, committed 65792K, reserved 487424K
  class space    used 8863K, committed 9856K, reserved 421888K
}
Event: 43.950 GC heap after
{Heap after GC invocations=17 (full 0):
 garbage-first heap   total 163840K, used 57751K [0x0000000080000000, 0x0000000100000000)
  region size 1024K, 10 young (10240K), 10 survivors (10240K)
 Metaspace       used 63934K, committed 65792K, reserved 487424K
  class space    used 8863K, committed 9856K, reserved 421888K
}
Event: 43.996 GC heap before
{Heap before GC invocations=17 (full 0):
 garbage-first heap   total 163840K, used 58775K [0x0000000080000000, 0x0000000100000000)
  region size 1024K, 11 young (11264K), 10 survivors (10240K)
 Metaspace       used 64089K, committed 66048K, reserved 487424K
  class space    used 8881K, committed 9920K, reserved 421888K
}
Event: 44.035 GC heap after
{Heap after GC invocations=18 (full 0):
 garbage-first heap   total 163840K, used 58565K [0x0000000080000000, 0x0000000100000000)
  region size 1024K, 2 young (2048K), 2 survivors (2048K)
 Metaspace       used 64089K, committed 66048K, reserved 487424K
  class space    used 8881K, committed 9920K, reserved 421888K
}
Event: 48.187 GC heap before
{Heap before GC invocations=18 (full 0):
 garbage-first heap   total 163840K, used 128197K [0x0000000080000000, 0x0000000100000000)
  region size 1024K, 69 young (70656K), 2 survivors (2048K)
 Metaspace       used 69560K, committed 71488K, reserved 487424K
  class space    used 9482K, committed 10496K, reserved 421888K
}
Event: 48.194 GC heap after
{Heap after GC invocations=19 (full 0):
 garbage-first heap   total 163840K, used 66780K [0x0000000080000000, 0x0000000100000000)
  region size 1024K, 8 young (8192K), 8 survivors (8192K)
 Metaspace       used 69560K, committed 71488K, reserved 487424K
  class space    used 9482K, committed 10496K, reserved 421888K
}
Event: 50.813 GC heap before
{Heap before GC invocations=19 (full 0):
 garbage-first heap   total 163840K, used 135388K [0x0000000080000000, 0x0000000100000000)
  region size 1024K, 68 young (69632K), 8 survivors (8192K)
 Metaspace       used 75357K, committed 77376K, reserved 552960K
  class space    used 10160K, committed 11200K, reserved 421888K
}
Event: 50.831 GC heap after
{Heap after GC invocations=20 (full 0):
 garbage-first heap   total 163840K, used 74148K [0x0000000080000000, 0x0000000100000000)
  region size 1024K, 8 young (8192K), 8 survivors (8192K)
 Metaspace       used 75357K, committed 77376K, reserved 552960K
  class space    used 10160K, committed 11200K, reserved 421888K
}
Event: 52.269 GC heap before
{Heap before GC invocations=20 (full 0):
 garbage-first heap   total 163840K, used 128420K [0x0000000080000000, 0x0000000100000000)
  region size 1024K, 61 young (62464K), 8 survivors (8192K)
 Metaspace       used 77668K, committed 79616K, reserved 552960K
  class space    used 10469K, committed 11520K, reserved 421888K
}
Event: 52.281 GC heap after
{Heap after GC invocations=21 (full 0):
 garbage-first heap   total 163840K, used 78647K [0x0000000080000000, 0x0000000100000000)
  region size 1024K, 5 young (5120K), 5 survivors (5120K)
 Metaspace       used 77668K, committed 79616K, reserved 552960K
  class space    used 10469K, committed 11520K, reserved 421888K
}

Dll operation events (13 events):
Event: 0.025 Loaded shared library C:\Program Files\Java\jdk-19\bin\java.dll
Event: 0.170 Loaded shared library C:\Program Files\Java\jdk-19\bin\jsvml.dll
Event: 0.461 Loaded shared library C:\Program Files\Java\jdk-19\bin\net.dll
Event: 0.468 Loaded shared library C:\Program Files\Java\jdk-19\bin\nio.dll
Event: 0.487 Loaded shared library C:\Program Files\Java\jdk-19\bin\zip.dll
Event: 1.516 Loaded shared library C:\Program Files\Java\jdk-19\bin\jimage.dll
Event: 1.834 Loaded shared library C:\Program Files\Java\jdk-19\bin\verify.dll
Event: 2.832 Loaded shared library C:\Users\Hp\.gradle\native\68d5fa5c4cc2d200863cafc0d521ce42e7d3e7ee720ec0a83991735586a16f82\windows-amd64\native-platform.dll
Event: 2.852 Loaded shared library C:\Users\Hp\.gradle\native\e376f236ea51e6404a007f0833ffe2c6e607c4080706a723a18a27aeea778392\windows-amd64\native-platform-file-events.dll
Event: 7.662 Loaded shared library C:\Program Files\Java\jdk-19\bin\management.dll
Event: 7.671 Loaded shared library C:\Program Files\Java\jdk-19\bin\management_ext.dll
Event: 8.691 Loaded shared library C:\Program Files\Java\jdk-19\bin\extnet.dll
Event: 9.629 Loaded shared library C:\Program Files\Java\jdk-19\bin\sunmscapi.dll

Deoptimization events (20 events):
Event: 51.701 Thread 0x0000029b1931be80 Uncommon trap: trap_request=0xffffffde fr.pc=0x0000029b07d36e74 relative=0x0000000000000254
Event: 51.701 Thread 0x0000029b1931be80 Uncommon trap: reason=class_check action=maybe_recompile pc=0x0000029b07d36e74 method=java.util.stream.StreamOpFlag.fromCharacteristics(Ljava/util/Spliterator;)I @ 14 c2
Event: 51.701 Thread 0x0000029b1931be80 DEOPT PACKING pc=0x0000029b07d36e74 sp=0x000000c3b27f7fd0
Event: 51.701 Thread 0x0000029b1931be80 DEOPT UNPACKING pc=0x0000029b07596da3 sp=0x000000c3b27f7eb8 mode 2
Event: 51.827 Thread 0x0000029b1931be80 Uncommon trap: trap_request=0xffffff45 fr.pc=0x0000029b07db92a8 relative=0x00000000000003e8
Event: 51.827 Thread 0x0000029b1931be80 Uncommon trap: reason=unstable_if action=reinterpret pc=0x0000029b07db92a8 method=java.util.StringJoiner.add(Ljava/lang/CharSequence;)Ljava/util/StringJoiner; @ 33 c2
Event: 51.827 Thread 0x0000029b1931be80 DEOPT PACKING pc=0x0000029b07db92a8 sp=0x000000c3b27f7830
Event: 51.827 Thread 0x0000029b1931be80 DEOPT UNPACKING pc=0x0000029b07596da3 sp=0x000000c3b27f77e0 mode 2
Event: 53.299 Thread 0x0000029b1931be80 Uncommon trap: trap_request=0xffffff45 fr.pc=0x0000029b07e71e94 relative=0x0000000000000074
Event: 53.299 Thread 0x0000029b1931be80 Uncommon trap: reason=unstable_if action=reinterpret pc=0x0000029b07e71e94 method=org.gradle.internal.logging.slf4j.OutputEventListenerBackedLogger.isLevelAtMost(Lorg/gradle/api/logging/LogLevel;)Z @ 11 c2
Event: 53.299 Thread 0x0000029b1931be80 DEOPT PACKING pc=0x0000029b07e71e94 sp=0x000000c3b27f8150
Event: 53.299 Thread 0x0000029b1931be80 DEOPT UNPACKING pc=0x0000029b07596da3 sp=0x000000c3b27f80f0 mode 2
Event: 53.305 Thread 0x0000029b1931be80 Uncommon trap: trap_request=0xffffffcc fr.pc=0x0000029b07f2c6b8 relative=0x0000000000000218
Event: 53.305 Thread 0x0000029b1931be80 Uncommon trap: reason=intrinsic_or_type_checked_inlining action=make_not_entrant pc=0x0000029b07f2c6b8 method=java.util.ArrayList.toArray([Ljava/lang/Object;)[Ljava/lang/Object; @ 36 c2
Event: 53.305 Thread 0x0000029b1931be80 DEOPT PACKING pc=0x0000029b07f2c6b8 sp=0x000000c3b27f8000
Event: 53.305 Thread 0x0000029b1931be80 DEOPT UNPACKING pc=0x0000029b07596da3 sp=0x000000c3b27f7fa0 mode 2
Event: 53.389 Thread 0x0000029b1931be80 Uncommon trap: trap_request=0xffffff45 fr.pc=0x0000029b07c3ad30 relative=0x0000000000000110
Event: 53.389 Thread 0x0000029b1931be80 Uncommon trap: reason=unstable_if action=reinterpret pc=0x0000029b07c3ad30 method=jdk.internal.org.objectweb.asm.ByteVector.putInt(I)Ljdk/internal/org/objectweb/asm/ByteVector; @ 13 c2
Event: 53.389 Thread 0x0000029b1931be80 DEOPT PACKING pc=0x0000029b07c3ad30 sp=0x000000c3b27f71f0
Event: 53.389 Thread 0x0000029b1931be80 DEOPT UNPACKING pc=0x0000029b07596da3 sp=0x000000c3b27f7188 mode 2

Classes loaded (20 events):
Event: 53.308 Loading class java/lang/ThrowableBeanInfo
Event: 53.308 Loading class java/lang/ThrowableBeanInfo done
Event: 53.308 Loading class java/lang/ThrowableCustomizer
Event: 53.308 Loading class java/lang/ThrowableCustomizer done
Event: 53.308 Loading class java/lang/ThrowableCustomizer
Event: 53.308 Loading class java/lang/ThrowableCustomizer done
Event: 53.310 Loading class java/lang/ExceptionCustomizer
Event: 53.310 Loading class java/lang/ExceptionCustomizer done
Event: 53.310 Loading class java/lang/ExceptionCustomizer
Event: 53.310 Loading class java/lang/ExceptionCustomizer done
Event: 53.312 Loading class java/lang/invoke/WrongMethodTypeException
Event: 53.312 Loading class java/lang/invoke/WrongMethodTypeException done
Event: 53.314 Loading class java/io/ObjectOutputStream$BlockDataOutputStream
Event: 53.315 Loading class java/io/ObjectOutputStream$BlockDataOutputStream done
Event: 53.315 Loading class java/io/ObjectOutputStream$HandleTable
Event: 53.315 Loading class java/io/ObjectOutputStream$HandleTable done
Event: 53.315 Loading class java/io/ObjectOutputStream$ReplaceTable
Event: 53.315 Loading class java/io/ObjectOutputStream$ReplaceTable done
Event: 53.315 Loading class java/io/Bits
Event: 53.315 Loading class java/io/Bits done

Classes unloaded (0 events):
No events

Classes redefined (0 events):
No events

Internal exceptions (20 events):
Event: 52.223 Thread 0x0000029b1931be80 Exception <a 'java/lang/ClassNotFoundException'{0x0000000086d8cfe8}: com/android/build/gradle/internal/dsl/BuildType$AgpDecoratedCustomizer> (0x0000000086d8cfe8) 
thrown [s\open\src\hotspot\share\classfile\systemDictionary.cpp, line 255]
Event: 52.226 Thread 0x0000029b1931be80 Exception <a 'java/lang/ClassNotFoundException'{0x0000000086ddde18}: com/android/build/gradle/internal/dsl/BuildType$AgpDecorated_DecoratedCustomizer> (0x0000000086ddde18) 
thrown [s\open\src\hotspot\share\classfile\systemDictionary.cpp, line 255]
Event: 52.237 Thread 0x0000029b1931be80 Exception <a 'java/lang/NoSuchMethodError'{0x0000000086caf558}: 'void java.lang.invoke.DirectMethodHandle$Holder.invokeVirtual(java.lang.Object, java.lang.Object, int)'> (0x0000000086caf558) 
thrown [s\open\src\hotspot\share\interpreter\linkResolver.cpp, line 774]
Event: 52.240 Thread 0x0000029b1931be80 Exception <a 'java/lang/ClassNotFoundException'{0x0000000086cd0e20}: build_e6v1ggorf3a1atjavzjkccvog$_run_closure2$_closure6BeanInfo> (0x0000000086cd0e20) 
thrown [s\open\src\hotspot\share\classfile\systemDictionary.cpp, line 255]
Event: 52.240 Thread 0x0000029b1931be80 Exception <a 'java/lang/ClassNotFoundException'{0x0000000086cdb258}: build_e6v1ggorf3a1atjavzjkccvog$_run_closure2$_closure6Customizer> (0x0000000086cdb258) 
thrown [s\open\src\hotspot\share\classfile\systemDictionary.cpp, line 255]
Event: 52.263 Thread 0x0000029b1931be80 Exception <a 'java/lang/ClassNotFoundException'{0x0000000086bb7960}: org/gradle/api/internal/artifacts/dependencies/DefaultExternalModuleDependency_DecoratedBeanInfo> (0x0000000086bb7960) 
thrown [s\open\src\hotspot\share\classfile\systemDictionary.cpp, line 255]
Event: 52.264 Thread 0x0000029b1931be80 Exception <a 'java/lang/ClassNotFoundException'{0x0000000086bd0bc8}: org/gradle/api/internal/artifacts/dependencies/DefaultExternalModuleDependencyBeanInfo> (0x0000000086bd0bc8) 
thrown [s\open\src\hotspot\share\classfile\systemDictionary.cpp, line 255]
Event: 52.266 Thread 0x0000029b1931be80 Exception <a 'java/lang/ClassNotFoundException'{0x0000000086bea0b0}: org/gradle/api/internal/artifacts/dependencies/AbstractExternalModuleDependencyBeanInfo> (0x0000000086bea0b0) 
thrown [s\open\src\hotspot\share\classfile\systemDictionary.cpp, line 255]
Event: 52.283 Thread 0x0000029b1931be80 Exception <a 'java/lang/ClassNotFoundException'{0x0000000089f00438}: org/gradle/api/internal/artifacts/dependencies/AbstractModuleDependencyBeanInfo> (0x0000000089f00438) 
thrown [s\open\src\hotspot\share\classfile\systemDictionary.cpp, line 255]
Event: 52.286 Thread 0x0000029b1931be80 Exception <a 'java/lang/ClassNotFoundException'{0x0000000089f16fe8}: org/gradle/api/internal/artifacts/dependencies/AbstractDependencyBeanInfo> (0x0000000089f16fe8) 
thrown [s\open\src\hotspot\share\classfile\systemDictionary.cpp, line 255]
Event: 52.288 Thread 0x0000029b1931be80 Exception <a 'java/lang/ClassNotFoundException'{0x0000000089f2cea8}: org/gradle/api/internal/artifacts/dependencies/AbstractDependencyCustomizer> (0x0000000089f2cea8) 
thrown [s\open\src\hotspot\share\classfile\systemDictionary.cpp, line 255]
Event: 52.291 Thread 0x0000029b1931be80 Exception <a 'java/lang/ClassNotFoundException'{0x0000000089f46628}: org/gradle/api/internal/artifacts/dependencies/AbstractModuleDependencyCustomizer> (0x0000000089f46628) 
thrown [s\open\src\hotspot\share\classfile\systemDictionary.cpp, line 255]
Event: 52.294 Thread 0x0000029b1931be80 Exception <a 'java/lang/ClassNotFoundException'{0x0000000089f7b650}: org/gradle/api/internal/artifacts/dependencies/AbstractExternalModuleDependencyCustomizer> (0x0000000089f7b650) 
thrown [s\open\src\hotspot\share\classfile\systemDictionary.cpp, line 255]
Event: 52.297 Thread 0x0000029b1931be80 Exception <a 'java/lang/ClassNotFoundException'{0x0000000089fa5fd8}: org/gradle/api/internal/artifacts/dependencies/DefaultExternalModuleDependencyCustomizer> (0x0000000089fa5fd8) 
thrown [s\open\src\hotspot\share\classfile\systemDictionary.cpp, line 255]
Event: 52.300 Thread 0x0000029b1931be80 Exception <a 'java/lang/ClassNotFoundException'{0x0000000089fcaa38}: org/gradle/api/internal/artifacts/dependencies/DefaultExternalModuleDependency_DecoratedCustomizer> (0x0000000089fcaa38) 
thrown [s\open\src\hotspot\share\classfile\systemDictionary.cpp, line 255]
Event: 53.308 Thread 0x0000029b1931be80 Exception <a 'java/lang/ClassNotFoundException'{0x0000000089e58898}: java/lang/ExceptionBeanInfo> (0x0000000089e58898) 
thrown [s\open\src\hotspot\share\classfile\systemDictionary.cpp, line 255]
Event: 53.308 Thread 0x0000029b1931be80 Exception <a 'java/lang/ClassNotFoundException'{0x0000000089e5e2b0}: java/lang/ThrowableBeanInfo> (0x0000000089e5e2b0) 
thrown [s\open\src\hotspot\share\classfile\systemDictionary.cpp, line 255]
Event: 53.308 Thread 0x0000029b1931be80 Exception <a 'java/lang/ClassNotFoundException'{0x0000000089e63c98}: java/lang/ThrowableCustomizer> (0x0000000089e63c98) 
thrown [s\open\src\hotspot\share\classfile\systemDictionary.cpp, line 255]
Event: 53.310 Thread 0x0000029b1931be80 Exception <a 'java/lang/ClassNotFoundException'{0x0000000089e719a0}: java/lang/ExceptionCustomizer> (0x0000000089e719a0) 
thrown [s\open\src\hotspot\share\classfile\systemDictionary.cpp, line 255]
Event: 53.392 Thread 0x0000029b1931be80 Exception <a 'java/lang/NoSuchMethodError'{0x0000000089dd9878}: 'java.lang.Object java.lang.invoke.DirectMethodHandle$Holder.newInvokeSpecial(java.lang.Object, java.lang.Object, java.lang.Object, java.lang.Object, java.lang.Object, java.lang.Object, java.lang.Object, java.lang.Object, java.lang.Object, java.lang.Object, java.lang.Object, java.lang.Object, java.lang.Object, java.lang.Object, java.lang.Object, java.lang.Object, java.lang.Object, java.lang.Object)'> (0x0000000089dd9878) 
thrown [s\open\src\ho

VM Operations (20 events):
Event: 46.876 Executing VM operation: Cleanup
Event: 46.877 Executing VM operation: Cleanup done
Event: 47.886 Executing VM operation: Cleanup
Event: 47.886 Executing VM operation: Cleanup done
Event: 48.187 Executing VM operation: G1CollectForAllocation
Event: 48.194 Executing VM operation: G1CollectForAllocation done
Event: 48.822 Executing VM operation: HandshakeAllThreads
Event: 48.822 Executing VM operation: HandshakeAllThreads done
Event: 48.932 Executing VM operation: HandshakeAllThreads
Event: 48.933 Executing VM operation: HandshakeAllThreads done
Event: 49.947 Executing VM operation: Cleanup
Event: 49.948 Executing VM operation: Cleanup done
Event: 50.813 Executing VM operation: G1CollectForAllocation
Event: 50.832 Executing VM operation: G1CollectForAllocation done
Event: 51.835 Executing VM operation: Cleanup
Event: 51.835 Executing VM operation: Cleanup done
Event: 52.268 Executing VM operation: G1CollectForAllocation
Event: 52.281 Executing VM operation: G1CollectForAllocation done
Event: 53.292 Executing VM operation: Cleanup
Event: 53.292 Executing VM operation: Cleanup done

Events (20 events):
Event: 45.398 Thread 0x0000029b1bcba480 Thread added: 0x0000029b1bcba480
Event: 45.399 Thread 0x0000029b1bcb6a10 Thread added: 0x0000029b1bcb6a10
Event: 45.399 Thread 0x0000029b1bcb4a30 Thread added: 0x0000029b1bcb4a30
Event: 45.400 Thread 0x0000029b1bcb6f60 Thread added: 0x0000029b1bcb6f60
Event: 45.400 Thread 0x0000029b1bcb84a0 Thread added: 0x0000029b1bcb84a0
Event: 45.400 Thread 0x0000029b1bcb4f80 Thread added: 0x0000029b1bcb4f80
Event: 45.400 Thread 0x0000029b1bcb9490 Thread added: 0x0000029b1bcb9490
Event: 45.401 Thread 0x0000029b1bcb99e0 Thread added: 0x0000029b1bcb99e0
Event: 45.401 Thread 0x0000029b1bcbaf20 Thread added: 0x0000029b1bcbaf20
Event: 45.401 Thread 0x0000029b1b544250 Thread added: 0x0000029b1b544250
Event: 45.402 Thread 0x0000029b1b543260 Thread added: 0x0000029b1b543260
Event: 45.402 Thread 0x0000029b1b5447a0 Thread added: 0x0000029b1b5447a0
Event: 45.402 Thread 0x0000029b1b544cf0 Thread added: 0x0000029b1b544cf0
Event: 45.402 Thread 0x0000029b1b541d20 Thread added: 0x0000029b1b541d20
Event: 45.403 Thread 0x0000029b1b543d00 Thread added: 0x0000029b1b543d00
Event: 45.403 Thread 0x0000029b1b53dd60 Thread added: 0x0000029b1b53dd60
Event: 45.403 Thread 0x0000029b1b540290 Thread added: 0x0000029b1b540290
Event: 45.403 Thread 0x0000029b1b545240 Thread added: 0x0000029b1b545240
Event: 45.404 Thread 0x0000029b1b53d810 Thread added: 0x0000029b1b53d810
Event: 45.404 Thread 0x0000029b1b5427c0 Thread added: 0x0000029b1b5427c0


Dynamic libraries:
0x00007ff609c70000 - 0x00007ff609c80000 	C:\Program Files\Java\jdk-19\bin\java.exe
0x00007fff77c90000 - 0x00007fff77ea4000 	C:\WINDOWS\SYSTEM32\ntdll.dll
0x00007fff77600000 - 0x00007fff776c4000 	C:\WINDOWS\System32\KERNEL32.DLL
0x00007fff750a0000 - 0x00007fff75444000 	C:\WINDOWS\System32\KERNELBASE.dll
0x00007fff75450000 - 0x00007fff75561000 	C:\WINDOWS\System32\ucrtbase.dll
0x00007fff5b430000 - 0x00007fff5b448000 	C:\Program Files\Java\jdk-19\bin\jli.dll
0x00007fff5aba0000 - 0x00007fff5abbb000 	C:\Program Files\Java\jdk-19\bin\VCRUNTIME140.dll
0x00007fff76b80000 - 0x00007fff76c30000 	C:\WINDOWS\System32\ADVAPI32.dll
0x00007fff77960000 - 0x00007fff77a07000 	C:\WINDOWS\System32\msvcrt.dll
0x00007fff75c70000 - 0x00007fff75d16000 	C:\WINDOWS\System32\sechost.dll
0x00007fff763f0000 - 0x00007fff76507000 	C:\WINDOWS\System32\RPCRT4.dll
0x00007fff77aa0000 - 0x00007fff77c4a000 	C:\WINDOWS\System32\USER32.dll
0x00007fff75070000 - 0x00007fff75096000 	C:\WINDOWS\System32\win32u.dll
0x00007fff762e0000 - 0x00007fff76309000 	C:\WINDOWS\System32\GDI32.dll
0x00007fff75930000 - 0x00007fff75a49000 	C:\WINDOWS\System32\gdi32full.dll
0x00007fff75890000 - 0x00007fff7592a000 	C:\WINDOWS\System32\msvcp_win.dll
0x00007fff56e60000 - 0x00007fff570ef000 	C:\WINDOWS\WinSxS\amd64_microsoft.windows.common-controls_6595b64144ccf1df_6.0.22621.2070_none_2713e6537381f706\COMCTL32.dll
0x00007fff67b00000 - 0x00007fff67b0a000 	C:\WINDOWS\SYSTEM32\VERSION.dll
0x00007fff77780000 - 0x00007fff777b1000 	C:\WINDOWS\System32\IMM32.DLL
0x00007fff5b420000 - 0x00007fff5b42c000 	C:\Program Files\Java\jdk-19\bin\vcruntime140_1.dll
0x00007fff13930000 - 0x00007fff139be000 	C:\Program Files\Java\jdk-19\bin\msvcp140.dll
0x00007ffef0340000 - 0x00007ffef1000000 	C:\Program Files\Java\jdk-19\bin\server\jvm.dll
0x00007fff69bf0000 - 0x00007fff69c24000 	C:\WINDOWS\SYSTEM32\WINMM.dll
0x00007fff5ab90000 - 0x00007fff5ab99000 	C:\WINDOWS\SYSTEM32\WSOCK32.dll
0x00007fff75ed0000 - 0x00007fff75f41000 	C:\WINDOWS\System32\WS2_32.dll
0x00007fff740b0000 - 0x00007fff740c8000 	C:\WINDOWS\SYSTEM32\kernel.appcore.dll
0x00007fff5a8e0000 - 0x00007fff5a8ea000 	C:\Program Files\Java\jdk-19\bin\jimage.dll
0x00007fff72a10000 - 0x00007fff72c3e000 	C:\WINDOWS\SYSTEM32\DBGHELP.DLL
0x00007fff75f50000 - 0x00007fff762da000 	C:\WINDOWS\System32\combase.dll
0x00007fff76310000 - 0x00007fff763e7000 	C:\WINDOWS\System32\OLEAUT32.dll
0x00007fff533d0000 - 0x00007fff53402000 	C:\WINDOWS\SYSTEM32\dbgcore.DLL
0x00007fff75630000 - 0x00007fff756aa000 	C:\WINDOWS\System32\bcryptPrimitives.dll
0x00007fff5a810000 - 0x00007fff5a836000 	C:\Program Files\Java\jdk-19\bin\java.dll
0x00007fff08490000 - 0x00007fff08567000 	C:\Program Files\Java\jdk-19\bin\jsvml.dll
0x00007fff76c40000 - 0x00007fff77456000 	C:\WINDOWS\System32\SHELL32.dll
0x00007fff73040000 - 0x00007fff7392a000 	C:\WINDOWS\SYSTEM32\windows.storage.dll
0x00007fff72da0000 - 0x00007fff72ede000 	C:\WINDOWS\SYSTEM32\wintypes.dll
0x00007fff75d40000 - 0x00007fff75e33000 	C:\WINDOWS\System32\SHCORE.dll
0x00007fff75c10000 - 0x00007fff75c6e000 	C:\WINDOWS\System32\shlwapi.dll
0x00007fff74fa0000 - 0x00007fff74fc6000 	C:\WINDOWS\SYSTEM32\profapi.dll
0x00007fff55880000 - 0x00007fff55893000 	C:\Program Files\Java\jdk-19\bin\net.dll
0x00007fff6c8d0000 - 0x00007fff6ca07000 	C:\WINDOWS\SYSTEM32\WINHTTP.dll
0x00007fff74530000 - 0x00007fff74599000 	C:\WINDOWS\system32\mswsock.dll
0x00007fff55280000 - 0x00007fff55296000 	C:\Program Files\Java\jdk-19\bin\nio.dll
0x00007fff55260000 - 0x00007fff55278000 	C:\Program Files\Java\jdk-19\bin\zip.dll
0x00007fff5a800000 - 0x00007fff5a810000 	C:\Program Files\Java\jdk-19\bin\verify.dll
0x00007fff54e10000 - 0x00007fff54e37000 	C:\Users\Hp\.gradle\native\68d5fa5c4cc2d200863cafc0d521ce42e7d3e7ee720ec0a83991735586a16f82\windows-amd64\native-platform.dll
0x00007fff0d180000 - 0x00007fff0d2c4000 	C:\Users\Hp\.gradle\native\e376f236ea51e6404a007f0833ffe2c6e607c4080706a723a18a27aeea778392\windows-amd64\native-platform-file-events.dll
0x00007fff5a760000 - 0x00007fff5a76a000 	C:\Program Files\Java\jdk-19\bin\management.dll
0x00007fff5a640000 - 0x00007fff5a64b000 	C:\Program Files\Java\jdk-19\bin\management_ext.dll
0x00007fff77a90000 - 0x00007fff77a98000 	C:\WINDOWS\System32\PSAPI.DLL
0x00007fff74780000 - 0x00007fff7479b000 	C:\WINDOWS\SYSTEM32\CRYPTSP.dll
0x00007fff74020000 - 0x00007fff74055000 	C:\WINDOWS\system32\rsaenh.dll
0x00007fff74620000 - 0x00007fff7464c000 	C:\WINDOWS\SYSTEM32\USERENV.dll
0x00007fff74920000 - 0x00007fff74948000 	C:\WINDOWS\SYSTEM32\bcrypt.dll
0x00007fff747a0000 - 0x00007fff747ac000 	C:\WINDOWS\SYSTEM32\CRYPTBASE.dll
0x00007fff73bd0000 - 0x00007fff73bfd000 	C:\WINDOWS\SYSTEM32\IPHLPAPI.DLL
0x00007fff76610000 - 0x00007fff76619000 	C:\WINDOWS\System32\NSI.dll
0x00007fff6a830000 - 0x00007fff6a849000 	C:\WINDOWS\SYSTEM32\dhcpcsvc6.DLL
0x00007fff6a810000 - 0x00007fff6a82f000 	C:\WINDOWS\SYSTEM32\dhcpcsvc.DLL
0x00007fff73c00000 - 0x00007fff73cf3000 	C:\WINDOWS\SYSTEM32\DNSAPI.dll
0x00007fff5a600000 - 0x00007fff5a608000 	C:\Program Files\Java\jdk-19\bin\extnet.dll
0x00007fff5b850000 - 0x00007fff5b85e000 	C:\Program Files\Java\jdk-19\bin\sunmscapi.dll
0x00007fff756b0000 - 0x00007fff75817000 	C:\WINDOWS\System32\CRYPT32.dll
0x00007fff748f0000 - 0x00007fff7491e000 	C:\WINDOWS\SYSTEM32\ncrypt.dll
0x00007fff748b0000 - 0x00007fff748e7000 	C:\WINDOWS\SYSTEM32\NTASN1.dll
0x00007fff30bb0000 - 0x00007fff30bb8000 	C:\WINDOWS\system32\wshunix.dll

dbghelp: loaded successfully - version: 4.0.5 - missing functions: none
symbol engine: initialized successfully - sym options: 0x614 - pdb path: .;C:\Program Files\Java\jdk-19\bin;C:\WINDOWS\SYSTEM32;C:\WINDOWS\WinSxS\amd64_microsoft.windows.common-controls_6595b64144ccf1df_6.0.22621.2070_none_2713e6537381f706;C:\Program Files\Java\jdk-19\bin\server;C:\Users\Hp\.gradle\native\68d5fa5c4cc2d200863cafc0d521ce42e7d3e7ee720ec0a83991735586a16f82\windows-amd64;C:\Users\Hp\.gradle\native\e376f236ea51e6404a007f0833ffe2c6e607c4080706a723a18a27aeea778392\windows-amd64

VM Arguments:
jvm_args: -XX:MaxMetaspaceSize=512m --add-opens=java.base/java.util=ALL-UNNAMED --add-opens=java.base/java.lang=ALL-UNNAMED --add-opens=java.base/java.lang.invoke=ALL-UNNAMED --add-opens=java.prefs/java.util.prefs=ALL-UNNAMED --add-opens=java.base/java.nio.charset=ALL-UNNAMED --add-opens=java.base/java.net=ALL-UNNAMED --add-opens=java.base/java.util.concurrent.atomic=ALL-UNNAMED -Xmx2048m -Dfile.encoding=UTF-8 -Duser.country=SG -Duser.language=en -Duser.variant 
java_command: org.gradle.launcher.daemon.bootstrap.GradleDaemon 8.0.1
java_class_path (initial): C:\Users\Hp\.gradle\wrapper\dists\gradle-8.0.1-all\aro4hu1c3oeioove7l0i4i14o\gradle-8.0.1\lib\gradle-launcher-8.0.1.jar
Launcher Type: SUN_STANDARD

[Global flags]
     intx CICompilerCount                          = 4                                         {product} {ergonomic}
   size_t CompressedClassSpaceSize                 = 432013312                                 {product} {ergonomic}
     uint ConcGCThreads                            = 3                                         {product} {ergonomic}
     uint G1ConcRefinementThreads                  = 10                                        {product} {ergonomic}
   size_t G1HeapRegionSize                         = 1048576                                   {product} {ergonomic}
    uintx GCDrainStackTargetSize                   = 64                                        {product} {ergonomic}
   size_t InitialHeapSize                          = 130023424                                 {product} {ergonomic}
   size_t MarkStackSize                            = 4194304                                   {product} {ergonomic}
   size_t MaxHeapSize                              = 2147483648                                {product} {command line}
   size_t MaxMetaspaceSize                         = 536870912                                 {product} {command line}
   size_t MaxNewSize                               = 1287651328                                {product} {ergonomic}
   size_t MinHeapDeltaBytes                        = 1048576                                   {product} {ergonomic}
   size_t MinHeapSize                              = 8388608                                   {product} {ergonomic}
    uintx NonNMethodCodeHeapSize                   = 5839372                                {pd product} {ergonomic}
    uintx NonProfiledCodeHeapSize                  = 122909434                              {pd product} {ergonomic}
    uintx ProfiledCodeHeapSize                     = 122909434                              {pd product} {ergonomic}
    uintx ReservedCodeCacheSize                    = 251658240                              {pd product} {ergonomic}
     bool SegmentedCodeCache                       = true                                      {product} {ergonomic}
   size_t SoftMaxHeapSize                          = 2147483648                             {manageable} {ergonomic}
     bool UseCompressedClassPointers               = true                           {product lp64_product} {ergonomic}
     bool UseCompressedOops                        = true                           {product lp64_product} {ergonomic}
     bool UseG1GC                                  = true                                      {product} {ergonomic}
     bool UseLargePagesIndividualAllocation        = false                                  {pd product} {ergonomic}

Logging:
Log output configuration:
 #0: stdout all=warning uptime,level,tags foldmultilines=false
 #1: stderr all=off uptime,level,tags foldmultilines=false

Environment Variables:
CLASSPATH=F:\React Native\planify\android\\gradle\wrapper\gradle-wrapper.jar
PATH=F:\React Native\planify\node_modules\.bin;F:\React Native\node_modules\.bin;F:\node_modules\.bin;C:\Program Files\nodejs\node_modules\npm\node_modules\@npmcli\run-script\lib\node-gyp-bin;C:\Users\Hp\AppData\Local\Temp\yarn--1692939481429-0.46866948706793;F:\React Native\planify\node_modules\.bin;C:\Users\Hp\AppData\Local\Yarn\Data\link\node_modules\.bin;C:\Program Files\libexec\lib\node_modules\npm\bin\node-gyp-bin;C:\Program Files\lib\node_modules\npm\bin\node-gyp-bin;C:\Program Files\nodejs\node_modules\npm\bin\node-gyp-bin;C:\Program Files\Common Files\Oracle\Java\javapath;C:\Python310\Scripts\;C:\Python310\;C:\WINDOWS\system32;C:\WINDOWS;C:\WINDOWS\System32\Wbem;C:\WINDOWS\System32\WindowsPowerShell\v1.0\;C:\WINDOWS\System32\OpenSSH\;C:\Program Files\Microsoft SQL Server\Client SDK\ODBC\170\Tools\Binn\;C:\Program Files (x86)\Microsoft SQL Server\150\Tools\Binn\;C:\Program Files\Microsoft SQL Server\150\Tools\Binn\;C:\Program Files\Microsoft SQL Server\150\DTS\Binn\;C:\Program Files (x86)\Microsoft SQL Server\150\DTS\Binn\;C:\Program Files\Azure Data Studio\bin;C:\Program Files\Microsoft SQL Server\130\Tools\Binn\;C:\Program Files\nodejs\;C:\Program Files\Git\cmd;C:\ProgramData\ComposerSetup\bin;C:\Program Files (x86)\Yarn\bin\;C:\WINDOWS\system32;C:\WINDOWS;C:\WINDOWS\System32\Wbem;C:\WINDOWS\System32\WindowsPowerShell\v1.0\;C:\WINDOWS\System32\OpenSSH\;C:\Program Files\dotnet\;C:\Program Files\MySQL\MySQL Shell 8.0\bin\;C:\Users\Hp\AppData\Local\Microsoft\WindowsApps;C:\Program Files\Azure Data Studio\bin;C:\Users\Hp\AppData\Local\Programs\Microsoft VS Code\bin;C:\Users\Hp\AppData\Roaming\npm;C:\xampp\php;C:\Users\Hp\AppData\Roaming\Composer\vendor\bin;C:\Users\Hp\AppData\Local\Android\Sdk\platform-tools;C:\Users\Hp\AppData\Local\Yarn\bin;C:\Users\Hp\.dotnet\tools
USERNAME=Hp
LANG=en_US.UTF-8
OS=Windows_NT
PROCESSOR_IDENTIFIER=Intel64 Family 6 Model 154 Stepping 4, GenuineIntel
TMP=C:\Users\Hp\AppData\Local\Temp
TEMP=C:\Users\Hp\AppData\Local\Temp



---------------  S Y S T E M  ---------------

OS:
 Windows 11 , 64 bit Build 22621 (10.0.22621.2070)
OS uptime: 2 days 11:38 hours

CPU: total 12 (initial active 12) (12 cores per cpu, 1 threads per core) family 6 model 154 stepping 4 microcode 0x423, cx8, cmov, fxsr, mmx, 3dnowpref, sse, sse2, sse3, ssse3, sse4.1, sse4.2, popcnt, lzcnt, tsc, tscinvbit, avx, avx2, aes, erms, clmul, bmi1, bmi2, adx, sha, fma, vzeroupper, clflush, clflushopt, clwb, serialize, rdtscp, rdpid, fsrm

Memory: 4k page, system-wide physical 7863M (180M free)
TotalPageFile size 21771M (AvailPageFile size 7M)
current process WorkingSet (physical memory assigned to process): 317M, peak: 347M
current process commit charge ("private bytes"): 444M, peak: 447M

vm_info: Java HotSpot(TM) 64-Bit Server VM (19+36-2238) for windows-amd64 JRE (19+36-2238), built on 2022-08-12T20:29:01Z by "mach5one" with MS VC++ 17.1 (VS2022)

END.
